[2017-12-03 14:47:57] production.ERROR: PDOException: SQLSTATE[28000] [1045] Access denied for user 'forge'@'localhost' (using password: NO) in /home/miran452/public_html/aprendanaweb/vendor/laravel/framework/src/Illuminate/Database/Connectors/Connector.php:55
Stack trace:
#0 /home/miran452/public_html/aprendanaweb/vendor/laravel/framework/src/Illuminate/Database/Connectors/Connector.php(55): PDO->__construct('mysql:host=loca...', 'forge', '', Array)
#1 /home/miran452/public_html/aprendanaweb/vendor/laravel/framework/src/Illuminate/Database/Connectors/MySqlConnector.php(22): Illuminate\Database\Connectors\Connector->createConnection('mysql:host=loca...', Array, Array)
#2 /home/miran452/public_html/aprendanaweb/bootstrap/cache/compiled.php(11483): Illuminate\Database\Connectors\MySqlConnector->connect(Array)
#3 /home/miran452/public_html/aprendanaweb/bootstrap/cache/compiled.php(11479): Illuminate\Database\Connectors\ConnectionFactory->createSingleConnection(Array)
#4 /home/miran452/public_html/aprendanaweb/bootstrap/cache/compiled.php(11394): Illuminate\Database\Connectors\ConnectionFactory->make(Array, 'mysql')
#5 /home/miran452/public_html/aprendanaweb/bootstrap/cache/compiled.php(11349): Illuminate\Database\DatabaseManager->makeConnection('mysql')
#6 /home/miran452/public_html/aprendanaweb/bootstrap/cache/compiled.php(11220): Illuminate\Database\DatabaseManager->connection('mysql')
#7 /home/miran452/public_html/aprendanaweb/bootstrap/cache/compiled.php(11207): Illuminate\Database\Eloquent\Model::resolveConnection(NULL)
#8 /home/miran452/public_html/aprendanaweb/bootstrap/cache/compiled.php(10652): Illuminate\Database\Eloquent\Model->getConnection()
#9 /home/miran452/public_html/aprendanaweb/bootstrap/cache/compiled.php(10629): Illuminate\Database\Eloquent\Model->newBaseQueryBuilder()
#10 /home/miran452/public_html/aprendanaweb/bootstrap/cache/compiled.php(10619): Illuminate\Database\Eloquent\Model->newQueryWithoutScopes()
#11 /home/miran452/public_html/aprendanaweb/bootstrap/cache/compiled.php(11310): Illuminate\Database\Eloquent\Model->newQuery()
#12 [internal function]: Illuminate\Database\Eloquent\Model->__call('teachersFeature...', Array)
#13 /home/miran452/public_html/aprendanaweb/bootstrap/cache/compiled.php(11316): call_user_func_array(Array, Array)
#14 /home/miran452/public_html/aprendanaweb/app/Repositories/Frontend/User/EloquentUserRepository.php(54): Illuminate\Database\Eloquent\Model::__callStatic('teachersFeature...', Array)
#15 /home/miran452/public_html/aprendanaweb/app/Http/Controllers/Frontend/FrontendController.php(59): App\Repositories\Frontend\User\EloquentUserRepository->teachersFeatured()
#16 [internal function]: App\Http\Controllers\Frontend\FrontendController->index()
#17 /home/miran452/public_html/aprendanaweb/bootstrap/cache/compiled.php(8937): call_user_func_array(Array, Array)
#18 /home/miran452/public_html/aprendanaweb/bootstrap/cache/compiled.php(9006): Illuminate\Routing\Controller->callAction('index', Array)
#19 /home/miran452/public_html/aprendanaweb/bootstrap/cache/compiled.php(8986): Illuminate\Routing\ControllerDispatcher->call(Object(App\Http\Controllers\Frontend\FrontendController), Object(Illuminate\Routing\Route), 'index')
#20 [internal function]: Illuminate\Routing\ControllerDispatcher->Illuminate\Routing\{closure}(Object(Illuminate\Http\Request))
#21 /home/miran452/public_html/aprendanaweb/bootstrap/cache/compiled.php(9657): call_user_func(Object(Closure), Object(Illuminate\Http\Request))
#22 [internal function]: Illuminate\Pipeline\Pipeline->Illuminate\Pipeline\{closure}(Object(Illuminate\Http\Request))
#23 /home/miran452/public_html/aprendanaweb/bootstrap/cache/compiled.php(9639): call_user_func(Object(Closure), Object(Illuminate\Http\Request))
#24 /home/miran452/public_html/aprendanaweb/bootstrap/cache/compiled.php(8987): Illuminate\Pipeline\Pipeline->then(Object(Closure))
#25 /home/miran452/public_html/aprendanaweb/bootstrap/cache/compiled.php(8972): Illuminate\Routing\ControllerDispatcher->callWithinStack(Object(App\Http\Controllers\Frontend\FrontendController), Object(Illuminate\Routing\Route), Object(Illuminate\Http\Request), 'index')
#26 /home/miran452/public_html/aprendanaweb/bootstrap/cache/compiled.php(7917): Illuminate\Routing\ControllerDispatcher->dispatch(Object(Illuminate\Routing\Route), Object(Illuminate\Http\Request), 'App\\Http\\Contro...', 'index')
#27 /home/miran452/public_html/aprendanaweb/bootstrap/cache/compiled.php(7888): Illuminate\Routing\Route->runWithCustomDispatcher(Object(Illuminate\Http\Request))
#28 /home/miran452/public_html/aprendanaweb/bootstrap/cache/compiled.php(7541): Illuminate\Routing\Route->run(Object(Illuminate\Http\Request))
#29 [internal function]: Illuminate\Routing\Router->Illuminate\Routing\{closure}(Object(Illuminate\Http\Request))
#30 /home/miran452/public_html/aprendanaweb/bootstrap/cache/compiled.php(9657): call_user_func(Object(Closure), Object(Illuminate\Http\Request))
#31 /home/miran452/public_html/aprendanaweb/app/Http/Middleware/MailingRegister.php(39): Illuminate\Pipeline\Pipeline->Illuminate\Pipeline\{closure}(Object(Illuminate\Http\Request))
#32 [internal function]: App\Http\Middleware\MailingRegister->handle(Object(Illuminate\Http\Request), Object(Closure))
#33 /home/miran452/public_html/aprendanaweb/bootstrap/cache/compiled.php(9649): call_user_func_array(Array, Array)
#34 /home/miran452/public_html/aprendanaweb/app/Http/Middleware/TrackCart.php(37): Illuminate\Pipeline\Pipeline->Illuminate\Pipeline\{closure}(Object(Illuminate\Http\Request))
#35 [internal function]: App\Http\Middleware\TrackCart->handle(Object(Illuminate\Http\Request), Object(Closure))
#36 /home/miran452/public_html/aprendanaweb/bootstrap/cache/compiled.php(9649): call_user_func_array(Array, Array)
#37 /home/miran452/public_html/aprendanaweb/app/Http/Middleware/OriginExternal.php(72): Illuminate\Pipeline\Pipeline->Illuminate\Pipeline\{closure}(Object(Illuminate\Http\Request))
#38 [internal function]: App\Http\Middleware\OriginExternal->handle(Object(Illuminate\Http\Request), Object(Closure))
#39 /home/miran452/public_html/aprendanaweb/bootstrap/cache/compiled.php(9649): call_user_func_array(Array, Array)
#40 [internal function]: Illuminate\Pipeline\Pipeline->Illuminate\Pipeline\{closure}(Object(Illuminate\Http\Request))
#41 /home/miran452/public_html/aprendanaweb/bootstrap/cache/compiled.php(9639): call_user_func(Object(Closure), Object(Illuminate\Http\Request))
#42 /home/miran452/public_html/aprendanaweb/bootstrap/cache/compiled.php(7542): Illuminate\Pipeline\Pipeline->then(Object(Closure))
#43 /home/miran452/public_html/aprendanaweb/bootstrap/cache/compiled.php(7530): Illuminate\Routing\Router->runRouteWithinStack(Object(Illuminate\Routing\Route), Object(Illuminate\Http\Request))
#44 /home/miran452/public_html/aprendanaweb/bootstrap/cache/compiled.php(7515): Illuminate\Routing\Router->dispatchToRoute(Object(Illuminate\Http\Request))
#45 /home/miran452/public_html/aprendanaweb/bootstrap/cache/compiled.php(2310): Illuminate\Routing\Router->dispatch(Object(Illuminate\Http\Request))
#46 [internal function]: Illuminate\Foundation\Http\Kernel->Illuminate\Foundation\Http\{closure}(Object(Illuminate\Http\Request))
#47 /home/miran452/public_html/aprendanaweb/bootstrap/cache/compiled.php(9657): call_user_func(Object(Closure), Object(Illuminate\Http\Request))
#48 /home/miran452/public_html/aprendanaweb/app/Http/Middleware/VerifyCsrfToken.php(36): Illuminate\Pipeline\Pipeline->Illuminate\Pipeline\{closure}(Object(Illuminate\Http\Request))
#49 [internal function]: App\Http\Middleware\VerifyCsrfToken->handle(Object(Illuminate\Http\Request), Object(Closure))
#50 /home/miran452/public_html/aprendanaweb/bootstrap/cache/compiled.php(9649): call_user_func_array(Array, Array)
#51 /home/miran452/public_html/aprendanaweb/bootstrap/cache/compiled.php(13007): Illuminate\Pipeline\Pipeline->Illuminate\Pipeline\{closure}(Object(Illuminate\Http\Request))
#52 [internal function]: Illuminate\View\Middleware\ShareErrorsFromSession->handle(Object(Illuminate\Http\Request), Object(Closure))
#53 /home/miran452/public_html/aprendanaweb/bootstrap/cache/compiled.php(9649): call_user_func_array(Array, Array)
#54 /home/miran452/public_html/aprendanaweb/bootstrap/cache/compiled.php(11600): Illuminate\Pipeline\Pipeline->Illuminate\Pipeline\{closure}(Object(Illuminate\Http\Request))
#55 [internal function]: Illuminate\Session\Middleware\StartSession->handle(Object(Illuminate\Http\Request), Object(Closure))
#56 /home/miran452/public_html/aprendanaweb/bootstrap/cache/compiled.php(9649): call_user_func_array(Array, Array)
#57 /home/miran452/public_html/aprendanaweb/bootstrap/cache/compiled.php(12745): Illuminate\Pipeline\Pipeline->Illuminate\Pipeline\{closure}(Object(Illuminate\Http\Request))
#58 [internal function]: Illuminate\Cookie\Middleware\AddQueuedCookiesToResponse->handle(Object(Illuminate\Http\Request), Object(Closure))
#59 /home/miran452/public_html/aprendanaweb/bootstrap/cache/compiled.php(9649): call_user_func_array(Array, Array)
#60 /home/miran452/public_html/aprendanaweb/bootstrap/cache/compiled.php(12682): Illuminate\Pipeline\Pipeline->Illuminate\Pipeline\{closure}(Object(Illuminate\Http\Request))
#61 [internal function]: Illuminate\Cookie\Middleware\EncryptCookies->handle(Object(Illuminate\Http\Request), Object(Closure))
#62 /home/miran452/public_html/aprendanaweb/bootstrap/cache/compiled.php(9649): call_user_func_array(Array, Array)
#63 /home/miran452/public_html/aprendanaweb/bootstrap/cache/compiled.php(2982): Illuminate\Pipeline\Pipeline->Illuminate\Pipeline\{closure}(Object(Illuminate\Http\Request))
#64 [internal function]: Illuminate\Foundation\Http\Middleware\CheckForMaintenanceMode->handle(Object(Illuminate\Http\Request), Object(Closure))
#65 /home/miran452/public_html/aprendanaweb/bootstrap/cache/compiled.php(9649): call_user_func_array(Array, Array)
#66 [internal function]: Illuminate\Pipeline\Pipeline->Illuminate\Pipeline\{closure}(Object(Illuminate\Http\Request))
#67 /home/miran452/public_html/aprendanaweb/bootstrap/cache/compiled.php(9639): call_user_func(Object(Closure), Object(Illuminate\Http\Request))
#68 /home/miran452/public_html/aprendanaweb/bootstrap/cache/compiled.php(2257): Illuminate\Pipeline\Pipeline->then(Object(Closure))
#69 /home/miran452/public_html/aprendanaweb/bootstrap/cache/compiled.php(2240): Illuminate\Foundation\Http\Kernel->sendRequestThroughRouter(Object(Illuminate\Http\Request))
#70 /home/miran452/public_html/aprendanaweb/public/index.php(53): Illuminate\Foundation\Http\Kernel->handle(Object(Illuminate\Http\Request))
#71 {main}  
[2017-12-03 14:52:31] local.INFO: array (
  'notificationCode' => '0DFBC4-70DA4ADA4A8D-A884320F8428-75C409',
  'notificationType' => 'transaction',
)  
[2017-12-03 14:52:32] local.ERROR: ErrorException: SimpleXMLElement::__construct(): Entity: line 1: parser error : Start tag expected, '&lt;' not found in /home/miran452/public_html/aprendanaweb/vendor/vinelab/http/src/Vinelab/Http/Response.php:184
Stack trace:
#0 [internal function]: Illuminate\Foundation\Bootstrap\HandleExceptions->handleError(2, 'SimpleXMLElemen...', '/home/miran452/...', 184, Array)
#1 /home/miran452/public_html/aprendanaweb/vendor/vinelab/http/src/Vinelab/Http/Response.php(184): SimpleXMLElement->__construct('Unauthorized')
#2 /home/miran452/public_html/aprendanaweb/app/Http/Controllers/Frontend/CartController.php(396): Vinelab\Http\Response->xml()
#3 [internal function]: App\Http\Controllers\Frontend\CartController->pagseguroFeedback()
#4 /home/miran452/public_html/aprendanaweb/bootstrap/cache/compiled.php(8937): call_user_func_array(Array, Array)
#5 /home/miran452/public_html/aprendanaweb/bootstrap/cache/compiled.php(9006): Illuminate\Routing\Controller->callAction('pagseguroFeedba...', Array)
#6 /home/miran452/public_html/aprendanaweb/bootstrap/cache/compiled.php(8986): Illuminate\Routing\ControllerDispatcher->call(Object(App\Http\Controllers\Frontend\CartController), Object(Illuminate\Routing\Route), 'pagseguroFeedba...')
#7 [internal function]: Illuminate\Routing\ControllerDispatcher->Illuminate\Routing\{closure}(Object(Illuminate\Http\Request))
#8 /home/miran452/public_html/aprendanaweb/bootstrap/cache/compiled.php(9657): call_user_func(Object(Closure), Object(Illuminate\Http\Request))
#9 [internal function]: Illuminate\Pipeline\Pipeline->Illuminate\Pipeline\{closure}(Object(Illuminate\Http\Request))
#10 /home/miran452/public_html/aprendanaweb/bootstrap/cache/compiled.php(9639): call_user_func(Object(Closure), Object(Illuminate\Http\Request))
#11 /home/miran452/public_html/aprendanaweb/bootstrap/cache/compiled.php(8987): Illuminate\Pipeline\Pipeline->then(Object(Closure))
#12 /home/miran452/public_html/aprendanaweb/bootstrap/cache/compiled.php(8972): Illuminate\Routing\ControllerDispatcher->callWithinStack(Object(App\Http\Controllers\Frontend\CartController), Object(Illuminate\Routing\Route), Object(Illuminate\Http\Request), 'pagseguroFeedba...')
#13 /home/miran452/public_html/aprendanaweb/bootstrap/cache/compiled.php(7917): Illuminate\Routing\ControllerDispatcher->dispatch(Object(Illuminate\Routing\Route), Object(Illuminate\Http\Request), 'App\\Http\\Contro...', 'pagseguroFeedba...')
#14 /home/miran452/public_html/aprendanaweb/bootstrap/cache/compiled.php(7888): Illuminate\Routing\Route->runWithCustomDispatcher(Object(Illuminate\Http\Request))
#15 /home/miran452/public_html/aprendanaweb/bootstrap/cache/compiled.php(7541): Illuminate\Routing\Route->run(Object(Illuminate\Http\Request))
#16 [internal function]: Illuminate\Routing\Router->Illuminate\Routing\{closure}(Object(Illuminate\Http\Request))
#17 /home/miran452/public_html/aprendanaweb/bootstrap/cache/compiled.php(9657): call_user_func(Object(Closure), Object(Illuminate\Http\Request))
#18 /home/miran452/public_html/aprendanaweb/app/Http/Middleware/MailingRegister.php(39): Illuminate\Pipeline\Pipeline->Illuminate\Pipeline\{closure}(Object(Illuminate\Http\Request))
#19 [internal function]: App\Http\Middleware\MailingRegister->handle(Object(Illuminate\Http\Request), Object(Closure))
#20 /home/miran452/public_html/aprendanaweb/bootstrap/cache/compiled.php(9649): call_user_func_array(Array, Array)
#21 /home/miran452/public_html/aprendanaweb/app/Http/Middleware/TrackCart.php(37): Illuminate\Pipeline\Pipeline->Illuminate\Pipeline\{closure}(Object(Illuminate\Http\Request))
#22 [internal function]: App\Http\Middleware\TrackCart->handle(Object(Illuminate\Http\Request), Object(Closure))
#23 /home/miran452/public_html/aprendanaweb/bootstrap/cache/compiled.php(9649): call_user_func_array(Array, Array)
#24 /home/miran452/public_html/aprendanaweb/app/Http/Middleware/OriginExternal.php(72): Illuminate\Pipeline\Pipeline->Illuminate\Pipeline\{closure}(Object(Illuminate\Http\Request))
#25 [internal function]: App\Http\Middleware\OriginExternal->handle(Object(Illuminate\Http\Request), Object(Closure))
#26 /home/miran452/public_html/aprendanaweb/bootstrap/cache/compiled.php(9649): call_user_func_array(Array, Array)
#27 [internal function]: Illuminate\Pipeline\Pipeline->Illuminate\Pipeline\{closure}(Object(Illuminate\Http\Request))
#28 /home/miran452/public_html/aprendanaweb/bootstrap/cache/compiled.php(9639): call_user_func(Object(Closure), Object(Illuminate\Http\Request))
#29 /home/miran452/public_html/aprendanaweb/bootstrap/cache/compiled.php(7542): Illuminate\Pipeline\Pipeline->then(Object(Closure))
#30 /home/miran452/public_html/aprendanaweb/bootstrap/cache/compiled.php(7530): Illuminate\Routing\Router->runRouteWithinStack(Object(Illuminate\Routing\Route), Object(Illuminate\Http\Request))
#31 /home/miran452/public_html/aprendanaweb/bootstrap/cache/compiled.php(7515): Illuminate\Routing\Router->dispatchToRoute(Object(Illuminate\Http\Request))
#32 /home/miran452/public_html/aprendanaweb/bootstrap/cache/compiled.php(2310): Illuminate\Routing\Router->dispatch(Object(Illuminate\Http\Request))
#33 [internal function]: Illuminate\Foundation\Http\Kernel->Illuminate\Foundation\Http\{closure}(Object(Illuminate\Http\Request))
#34 /home/miran452/public_html/aprendanaweb/bootstrap/cache/compiled.php(9657): call_user_func(Object(Closure), Object(Illuminate\Http\Request))
#35 /home/miran452/public_html/aprendanaweb/app/Http/Middleware/VerifyCsrfToken.php(36): Illuminate\Pipeline\Pipeline->Illuminate\Pipeline\{closure}(Object(Illuminate\Http\Request))
#36 [internal function]: App\Http\Middleware\VerifyCsrfToken->handle(Object(Illuminate\Http\Request), Object(Closure))
#37 /home/miran452/public_html/aprendanaweb/bootstrap/cache/compiled.php(9649): call_user_func_array(Array, Array)
#38 /home/miran452/public_html/aprendanaweb/bootstrap/cache/compiled.php(13007): Illuminate\Pipeline\Pipeline->Illuminate\Pipeline\{closure}(Object(Illuminate\Http\Request))
#39 [internal function]: Illuminate\View\Middleware\ShareErrorsFromSession->handle(Object(Illuminate\Http\Request), Object(Closure))
#40 /home/miran452/public_html/aprendanaweb/bootstrap/cache/compiled.php(9649): call_user_func_array(Array, Array)
#41 /home/miran452/public_html/aprendanaweb/bootstrap/cache/compiled.php(11600): Illuminate\Pipeline\Pipeline->Illuminate\Pipeline\{closure}(Object(Illuminate\Http\Request))
#42 [internal function]: Illuminate\Session\Middleware\StartSession->handle(Object(Illuminate\Http\Request), Object(Closure))
#43 /home/miran452/public_html/aprendanaweb/bootstrap/cache/compiled.php(9649): call_user_func_array(Array, Array)
#44 /home/miran452/public_html/aprendanaweb/bootstrap/cache/compiled.php(12745): Illuminate\Pipeline\Pipeline->Illuminate\Pipeline\{closure}(Object(Illuminate\Http\Request))
#45 [internal function]: Illuminate\Cookie\Middleware\AddQueuedCookiesToResponse->handle(Object(Illuminate\Http\Request), Object(Closure))
#46 /home/miran452/public_html/aprendanaweb/bootstrap/cache/compiled.php(9649): call_user_func_array(Array, Array)
#47 /home/miran452/public_html/aprendanaweb/bootstrap/cache/compiled.php(12682): Illuminate\Pipeline\Pipeline->Illuminate\Pipeline\{closure}(Object(Illuminate\Http\Request))
#48 [internal function]: Illuminate\Cookie\Middleware\EncryptCookies->handle(Object(Illuminate\Http\Request), Object(Closure))
#49 /home/miran452/public_html/aprendanaweb/bootstrap/cache/compiled.php(9649): call_user_func_array(Array, Array)
#50 /home/miran452/public_html/aprendanaweb/bootstrap/cache/compiled.php(2982): Illuminate\Pipeline\Pipeline->Illuminate\Pipeline\{closure}(Object(Illuminate\Http\Request))
#51 [internal function]: Illuminate\Foundation\Http\Middleware\CheckForMaintenanceMode->handle(Object(Illuminate\Http\Request), Object(Closure))
#52 /home/miran452/public_html/aprendanaweb/bootstrap/cache/compiled.php(9649): call_user_func_array(Array, Array)
#53 [internal function]: Illuminate\Pipeline\Pipeline->Illuminate\Pipeline\{closure}(Object(Illuminate\Http\Request))
#54 /home/miran452/public_html/aprendanaweb/bootstrap/cache/compiled.php(9639): call_user_func(Object(Closure), Object(Illuminate\Http\Request))
#55 /home/miran452/public_html/aprendanaweb/bootstrap/cache/compiled.php(2257): Illuminate\Pipeline\Pipeline->then(Object(Closure))
#56 /home/miran452/public_html/aprendanaweb/bootstrap/cache/compiled.php(2240): Illuminate\Foundation\Http\Kernel->sendRequestThroughRouter(Object(Illuminate\Http\Request))
#57 /home/miran452/public_html/aprendanaweb/public/index.php(53): Illuminate\Foundation\Http\Kernel->handle(Object(Illuminate\Http\Request))
#58 {main}

Next Exception: String could not be parsed as XML in /home/miran452/public_html/aprendanaweb/vendor/vinelab/http/src/Vinelab/Http/Response.php:184
Stack trace:
#0 /home/miran452/public_html/aprendanaweb/vendor/vinelab/http/src/Vinelab/Http/Response.php(184): SimpleXMLElement->__construct('Unauthorized')
#1 /home/miran452/public_html/aprendanaweb/app/Http/Controllers/Frontend/CartController.php(396): Vinelab\Http\Response->xml()
#2 [internal function]: App\Http\Controllers\Frontend\CartController->pagseguroFeedback()
#3 /home/miran452/public_html/aprendanaweb/bootstrap/cache/compiled.php(8937): call_user_func_array(Array, Array)
#4 /home/miran452/public_html/aprendanaweb/bootstrap/cache/compiled.php(9006): Illuminate\Routing\Controller->callAction('pagseguroFeedba...', Array)
#5 /home/miran452/public_html/aprendanaweb/bootstrap/cache/compiled.php(8986): Illuminate\Routing\ControllerDispatcher->call(Object(App\Http\Controllers\Frontend\CartController), Object(Illuminate\Routing\Route), 'pagseguroFeedba...')
#6 [internal function]: Illuminate\Routing\ControllerDispatcher->Illuminate\Routing\{closure}(Object(Illuminate\Http\Request))
#7 /home/miran452/public_html/aprendanaweb/bootstrap/cache/compiled.php(9657): call_user_func(Object(Closure), Object(Illuminate\Http\Request))
#8 [internal function]: Illuminate\Pipeline\Pipeline->Illuminate\Pipeline\{closure}(Object(Illuminate\Http\Request))
#9 /home/miran452/public_html/aprendanaweb/bootstrap/cache/compiled.php(9639): call_user_func(Object(Closure), Object(Illuminate\Http\Request))
#10 /home/miran452/public_html/aprendanaweb/bootstrap/cache/compiled.php(8987): Illuminate\Pipeline\Pipeline->then(Object(Closure))
#11 /home/miran452/public_html/aprendanaweb/bootstrap/cache/compiled.php(8972): Illuminate\Routing\ControllerDispatcher->callWithinStack(Object(App\Http\Controllers\Frontend\CartController), Object(Illuminate\Routing\Route), Object(Illuminate\Http\Request), 'pagseguroFeedba...')
#12 /home/miran452/public_html/aprendanaweb/bootstrap/cache/compiled.php(7917): Illuminate\Routing\ControllerDispatcher->dispatch(Object(Illuminate\Routing\Route), Object(Illuminate\Http\Request), 'App\\Http\\Contro...', 'pagseguroFeedba...')
#13 /home/miran452/public_html/aprendanaweb/bootstrap/cache/compiled.php(7888): Illuminate\Routing\Route->runWithCustomDispatcher(Object(Illuminate\Http\Request))
#14 /home/miran452/public_html/aprendanaweb/bootstrap/cache/compiled.php(7541): Illuminate\Routing\Route->run(Object(Illuminate\Http\Request))
#15 [internal function]: Illuminate\Routing\Router->Illuminate\Routing\{closure}(Object(Illuminate\Http\Request))
#16 /home/miran452/public_html/aprendanaweb/bootstrap/cache/compiled.php(9657): call_user_func(Object(Closure), Object(Illuminate\Http\Request))
#17 /home/miran452/public_html/aprendanaweb/app/Http/Middleware/MailingRegister.php(39): Illuminate\Pipeline\Pipeline->Illuminate\Pipeline\{closure}(Object(Illuminate\Http\Request))
#18 [internal function]: App\Http\Middleware\MailingRegister->handle(Object(Illuminate\Http\Request), Object(Closure))
#19 /home/miran452/public_html/aprendanaweb/bootstrap/cache/compiled.php(9649): call_user_func_array(Array, Array)
#20 /home/miran452/public_html/aprendanaweb/app/Http/Middleware/TrackCart.php(37): Illuminate\Pipeline\Pipeline->Illuminate\Pipeline\{closure}(Object(Illuminate\Http\Request))
#21 [internal function]: App\Http\Middleware\TrackCart->handle(Object(Illuminate\Http\Request), Object(Closure))
#22 /home/miran452/public_html/aprendanaweb/bootstrap/cache/compiled.php(9649): call_user_func_array(Array, Array)
#23 /home/miran452/public_html/aprendanaweb/app/Http/Middleware/OriginExternal.php(72): Illuminate\Pipeline\Pipeline->Illuminate\Pipeline\{closure}(Object(Illuminate\Http\Request))
#24 [internal function]: App\Http\Middleware\OriginExternal->handle(Object(Illuminate\Http\Request), Object(Closure))
#25 /home/miran452/public_html/aprendanaweb/bootstrap/cache/compiled.php(9649): call_user_func_array(Array, Array)
#26 [internal function]: Illuminate\Pipeline\Pipeline->Illuminate\Pipeline\{closure}(Object(Illuminate\Http\Request))
#27 /home/miran452/public_html/aprendanaweb/bootstrap/cache/compiled.php(9639): call_user_func(Object(Closure), Object(Illuminate\Http\Request))
#28 /home/miran452/public_html/aprendanaweb/bootstrap/cache/compiled.php(7542): Illuminate\Pipeline\Pipeline->then(Object(Closure))
#29 /home/miran452/public_html/aprendanaweb/bootstrap/cache/compiled.php(7530): Illuminate\Routing\Router->runRouteWithinStack(Object(Illuminate\Routing\Route), Object(Illuminate\Http\Request))
#30 /home/miran452/public_html/aprendanaweb/bootstrap/cache/compiled.php(7515): Illuminate\Routing\Router->dispatchToRoute(Object(Illuminate\Http\Request))
#31 /home/miran452/public_html/aprendanaweb/bootstrap/cache/compiled.php(2310): Illuminate\Routing\Router->dispatch(Object(Illuminate\Http\Request))
#32 [internal function]: Illuminate\Foundation\Http\Kernel->Illuminate\Foundation\Http\{closure}(Object(Illuminate\Http\Request))
#33 /home/miran452/public_html/aprendanaweb/bootstrap/cache/compiled.php(9657): call_user_func(Object(Closure), Object(Illuminate\Http\Request))
#34 /home/miran452/public_html/aprendanaweb/app/Http/Middleware/VerifyCsrfToken.php(36): Illuminate\Pipeline\Pipeline->Illuminate\Pipeline\{closure}(Object(Illuminate\Http\Request))
#35 [internal function]: App\Http\Middleware\VerifyCsrfToken->handle(Object(Illuminate\Http\Request), Object(Closure))
#36 /home/miran452/public_html/aprendanaweb/bootstrap/cache/compiled.php(9649): call_user_func_array(Array, Array)
#37 /home/miran452/public_html/aprendanaweb/bootstrap/cache/compiled.php(13007): Illuminate\Pipeline\Pipeline->Illuminate\Pipeline\{closure}(Object(Illuminate\Http\Request))
#38 [internal function]: Illuminate\View\Middleware\ShareErrorsFromSession->handle(Object(Illuminate\Http\Request), Object(Closure))
#39 /home/miran452/public_html/aprendanaweb/bootstrap/cache/compiled.php(9649): call_user_func_array(Array, Array)
#40 /home/miran452/public_html/aprendanaweb/bootstrap/cache/compiled.php(11600): Illuminate\Pipeline\Pipeline->Illuminate\Pipeline\{closure}(Object(Illuminate\Http\Request))
#41 [internal function]: Illuminate\Session\Middleware\StartSession->handle(Object(Illuminate\Http\Request), Object(Closure))
#42 /home/miran452/public_html/aprendanaweb/bootstrap/cache/compiled.php(9649): call_user_func_array(Array, Array)
#43 /home/miran452/public_html/aprendanaweb/bootstrap/cache/compiled.php(12745): Illuminate\Pipeline\Pipeline->Illuminate\Pipeline\{closure}(Object(Illuminate\Http\Request))
#44 [internal function]: Illuminate\Cookie\Middleware\AddQueuedCookiesToResponse->handle(Object(Illuminate\Http\Request), Object(Closure))
#45 /home/miran452/public_html/aprendanaweb/bootstrap/cache/compiled.php(9649): call_user_func_array(Array, Array)
#46 /home/miran452/public_html/aprendanaweb/bootstrap/cache/compiled.php(12682): Illuminate\Pipeline\Pipeline->Illuminate\Pipeline\{closure}(Object(Illuminate\Http\Request))
#47 [internal function]: Illuminate\Cookie\Middleware\EncryptCookies->handle(Object(Illuminate\Http\Request), Object(Closure))
#48 /home/miran452/public_html/aprendanaweb/bootstrap/cache/compiled.php(9649): call_user_func_array(Array, Array)
#49 /home/miran452/public_html/aprendanaweb/bootstrap/cache/compiled.php(2982): Illuminate\Pipeline\Pipeline->Illuminate\Pipeline\{closure}(Object(Illuminate\Http\Request))
#50 [internal function]: Illuminate\Foundation\Http\Middleware\CheckForMaintenanceMode->handle(Object(Illuminate\Http\Request), Object(Closure))
#51 /home/miran452/public_html/aprendanaweb/bootstrap/cache/compiled.php(9649): call_user_func_array(Array, Array)
#52 [internal function]: Illuminate\Pipeline\Pipeline->Illuminate\Pipeline\{closure}(Object(Illuminate\Http\Request))
#53 /home/miran452/public_html/aprendanaweb/bootstrap/cache/compiled.php(9639): call_user_func(Object(Closure), Object(Illuminate\Http\Request))
#54 /home/miran452/public_html/aprendanaweb/bootstrap/cache/compiled.php(2257): Illuminate\Pipeline\Pipeline->then(Object(Closure))
#55 /home/miran452/public_html/aprendanaweb/bootstrap/cache/compiled.php(2240): Illuminate\Foundation\Http\Kernel->sendRequestThroughRouter(Object(Illuminate\Http\Request))
#56 /home/miran452/public_html/aprendanaweb/public/index.php(53): Illuminate\Foundation\Http\Kernel->handle(Object(Illuminate\Http\Request))
#57 {main}  
