[2017-08-16 19:00:22] production.ERROR: exception 'Symfony\Component\Debug\Exception\FatalErrorException' with message 'Class 'Potsky\LaravelLocalizationHelpers\LaravelLocalizationHelpersServiceProviderLaravel5' not found' in C:\wamp64\www\brasiljuridico\vendor\laravel\framework\src\Illuminate\Foundation\ProviderRepository.php:146
Stack trace:
#0 {main}  
[2017-08-16 19:01:31] local.ERROR: exception 'Symfony\Component\Debug\Exception\FatalErrorException' with message 'Class 'Potsky\LaravelLocalizationHelpers\LaravelLocalizationHelpersServiceProviderLaravel5' not found' in C:\wamp64\www\brasiljuridico\vendor\laravel\framework\src\Illuminate\Foundation\ProviderRepository.php:146
Stack trace:
#0 {main}  
[2017-08-16 19:01:59] local.ERROR: exception 'Symfony\Component\Debug\Exception\FatalErrorException' with message 'Class 'Potsky\LaravelLocalizationHelpers\LaravelLocalizationHelpersServiceProviderLaravel5' not found' in C:\wamp64\www\brasiljuridico\vendor\laravel\framework\src\Illuminate\Foundation\ProviderRepository.php:146
Stack trace:
#0 {main}  
[2017-08-16 19:02:28] local.ERROR: exception 'Symfony\Component\Debug\Exception\FatalErrorException' with message 'Class 'Laracasts\Generators\GeneratorsServiceProvider' not found' in C:\wamp64\www\brasiljuridico\vendor\laravel\framework\src\Illuminate\Foundation\Application.php:575
Stack trace:
#0 {main}  
[2017-08-16 19:04:02] local.ERROR: exception 'Symfony\Component\Debug\Exception\FatalErrorException' with message 'Class 'Laracasts\Generators\GeneratorsServiceProvider' not found' in C:\wamp64\www\brasiljuridico\vendor\laravel\framework\src\Illuminate\Foundation\Application.php:575
Stack trace:
#0 {main}  
[2017-08-16 19:04:33] local.ERROR: exception 'Symfony\Component\Debug\Exception\FatalErrorException' with message 'Class 'Laracasts\Generators\GeneratorsServiceProvider' not found' in C:\wamp64\www\brasiljuridico\vendor\laravel\framework\src\Illuminate\Foundation\Application.php:575
Stack trace:
#0 {main}  
[2017-08-16 19:06:18] local.ERROR: exception 'Symfony\Component\Debug\Exception\FatalErrorException' with message 'Class 'Potsky\LaravelLocalizationHelpers\LaravelLocalizationHelpersServiceProviderLaravel5' not found' in C:\wamp64\www\brasiljuridico\vendor\laravel\framework\src\Illuminate\Foundation\ProviderRepository.php:146
Stack trace:
#0 {main}  
[2017-08-16 19:06:34] local.ERROR: exception 'Symfony\Component\Debug\Exception\FatalErrorException' with message 'Class 'Potsky\LaravelLocalizationHelpers\LaravelLocalizationHelpersServiceProviderLaravel5' not found' in C:\wamp64\www\brasiljuridico\vendor\laravel\framework\src\Illuminate\Foundation\ProviderRepository.php:146
Stack trace:
#0 {main}  
[2017-08-16 19:06:46] local.ERROR: exception 'Symfony\Component\Debug\Exception\FatalErrorException' with message 'Class 'Way\Generators\GeneratorsServiceProvider' not found' in C:\wamp64\www\brasiljuridico\vendor\laravel\framework\src\Illuminate\Foundation\ProviderRepository.php:146
Stack trace:
#0 {main}  
[2017-08-16 19:06:57] local.ERROR: exception 'Symfony\Component\Debug\Exception\FatalErrorException' with message 'Class 'Xethron\MigrationsGenerator\MigrationsGeneratorServiceProvider' not found' in C:\wamp64\www\brasiljuridico\vendor\laravel\framework\src\Illuminate\Foundation\ProviderRepository.php:146
Stack trace:
#0 {main}  
[2017-08-16 19:07:07] local.ERROR: exception 'Symfony\Component\Debug\Exception\FatalErrorException' with message 'Class 'Laracasts\Generators\GeneratorsServiceProvider' not found' in C:\wamp64\www\brasiljuridico\vendor\laravel\framework\src\Illuminate\Foundation\Application.php:575
Stack trace:
#0 {main}  
[2017-08-16 19:14:09] local.ERROR: exception 'Symfony\Component\Debug\Exception\FatalErrorException' with message 'Class 'Potsky\LaravelLocalizationHelpers\LaravelLocalizationHelpersServiceProviderLaravel5' not found' in C:\wamp64\www\brasiljuridico\vendor\laravel\framework\src\Illuminate\Foundation\ProviderRepository.php:146
Stack trace:
#0 {main}  
[2017-08-16 19:17:11] local.ERROR: exception 'Symfony\Component\Debug\Exception\FatalErrorException' with message 'Class 'Potsky\LaravelLocalizationHelpers\LaravelLocalizationHelpersServiceProviderLaravel5' not found' in C:\wamp64\www\brasiljuridico\vendor\laravel\framework\src\Illuminate\Foundation\ProviderRepository.php:146
Stack trace:
#0 {main}  
[2017-08-16 19:26:27] local.ERROR: exception 'Symfony\Component\Debug\Exception\FatalErrorException' with message 'Class 'Laracasts\Generators\GeneratorsServiceProvider' not found' in C:\wamp64\www\brasiljuridico\vendor\laravel\framework\src\Illuminate\Foundation\Application.php:575
Stack trace:
#0 {main}  
[2017-08-16 19:26:59] local.ERROR: exception 'Symfony\Component\Debug\Exception\FatalErrorException' with message 'Class 'Laracasts\Generators\GeneratorsServiceProvider' not found' in C:\wamp64\www\brasiljuridico\vendor\laravel\framework\src\Illuminate\Foundation\Application.php:575
Stack trace:
#0 {main}  
[2017-08-16 19:31:14] local.ERROR: exception 'Symfony\Component\Debug\Exception\FatalErrorException' with message 'Class 'Potsky\LaravelLocalizationHelpers\LaravelLocalizationHelpersServiceProviderLaravel5' not found' in C:\wamp64\www\brasiljuridico\vendor\laravel\framework\src\Illuminate\Foundation\ProviderRepository.php:146
Stack trace:
#0 {main}  
[2017-08-16 19:31:46] local.ERROR: exception 'Symfony\Component\Debug\Exception\FatalErrorException' with message 'Class 'Potsky\LaravelLocalizationHelpers\LaravelLocalizationHelpersServiceProviderLaravel5' not found' in C:\wamp64\www\brasiljuridico\vendor\laravel\framework\src\Illuminate\Foundation\ProviderRepository.php:146
Stack trace:
#0 {main}  
[2017-08-16 19:33:28] local.ERROR: exception 'Symfony\Component\Debug\Exception\FatalErrorException' with message 'Class 'Laracasts\Generators\GeneratorsServiceProvider' not found' in C:\wamp64\www\brasiljuridico\vendor\laravel\framework\src\Illuminate\Foundation\Application.php:575
Stack trace:
#0 {main}  
[2017-08-16 21:08:22] local.ERROR: exception 'Symfony\Component\Debug\Exception\FatalErrorException' with message 'Class 'Collective\Html\HtmlServiceProvider' not found' in C:\wamp64\www\brasiljuridico\vendor\laravel\framework\src\Illuminate\Foundation\ProviderRepository.php:146
Stack trace:
#0 {main}  
[2017-08-16 21:12:10] local.ERROR: exception 'Symfony\Component\Debug\Exception\FatalErrorException' with message 'Class 'Collective\Html\HtmlServiceProvider' not found' in C:\wamp64\www\brasiljuridico\vendor\laravel\framework\src\Illuminate\Foundation\ProviderRepository.php:146
Stack trace:
#0 {main}  
[2017-08-16 21:17:35] local.ERROR: exception 'Symfony\Component\Debug\Exception\FatalErrorException' with message 'Class 'Collective\Html\HtmlServiceProvider' not found' in C:\wamp64\www\brasiljuridico\vendor\laravel\framework\src\Illuminate\Foundation\ProviderRepository.php:146
Stack trace:
#0 {main}  
[2017-08-16 22:44:55] local.ERROR: exception 'PDOException' with message 'SQLSTATE[HY000] [1049] Unknown database 'brjuridico'' in C:\wamp64\www\brasiljuridico\vendor\laravel\framework\src\Illuminate\Database\Connectors\Connector.php:55
Stack trace:
#0 C:\wamp64\www\brasiljuridico\vendor\laravel\framework\src\Illuminate\Database\Connectors\Connector.php(55): PDO->__construct('mysql:host=loca...', 'root', '', Array)
#1 C:\wamp64\www\brasiljuridico\vendor\laravel\framework\src\Illuminate\Database\Connectors\MySqlConnector.php(22): Illuminate\Database\Connectors\Connector->createConnection('mysql:host=loca...', Array, Array)
#2 C:\wamp64\www\brasiljuridico\vendor\laravel\framework\src\Illuminate\Database\Connectors\ConnectionFactory.php(60): Illuminate\Database\Connectors\MySqlConnector->connect(Array)
#3 C:\wamp64\www\brasiljuridico\vendor\laravel\framework\src\Illuminate\Database\Connectors\ConnectionFactory.php(49): Illuminate\Database\Connectors\ConnectionFactory->createSingleConnection(Array)
#4 C:\wamp64\www\brasiljuridico\vendor\laravel\framework\src\Illuminate\Database\DatabaseManager.php(175): Illuminate\Database\Connectors\ConnectionFactory->make(Array, 'mysql')
#5 C:\wamp64\www\brasiljuridico\vendor\laravel\framework\src\Illuminate\Database\DatabaseManager.php(67): Illuminate\Database\DatabaseManager->makeConnection('mysql')
#6 C:\wamp64\www\brasiljuridico\vendor\laravel\framework\src\Illuminate\Database\Eloquent\Model.php(3224): Illuminate\Database\DatabaseManager->connection(NULL)
#7 C:\wamp64\www\brasiljuridico\vendor\laravel\framework\src\Illuminate\Database\Eloquent\Model.php(3190): Illuminate\Database\Eloquent\Model::resolveConnection(NULL)
#8 C:\wamp64\www\brasiljuridico\vendor\laravel\framework\src\Illuminate\Database\Eloquent\Model.php(1870): Illuminate\Database\Eloquent\Model->getConnection()
#9 C:\wamp64\www\brasiljuridico\vendor\laravel\framework\src\Illuminate\Database\Eloquent\Model.php(1813): Illuminate\Database\Eloquent\Model->newBaseQueryBuilder()
#10 C:\wamp64\www\brasiljuridico\vendor\laravel\framework\src\Illuminate\Database\Eloquent\Model.php(1787): Illuminate\Database\Eloquent\Model->newQueryWithoutScopes()
#11 C:\wamp64\www\brasiljuridico\vendor\laravel\framework\src\Illuminate\Database\Eloquent\Model.php(3442): Illuminate\Database\Eloquent\Model->newQuery()
#12 [internal function]: Illuminate\Database\Eloquent\Model->__call('teachersFeature...', Array)
#13 [internal function]: App\User->teachersFeatured()
#14 C:\wamp64\www\brasiljuridico\vendor\laravel\framework\src\Illuminate\Database\Eloquent\Model.php(3458): call_user_func_array(Array, Array)
#15 C:\wamp64\www\brasiljuridico\app\Repositories\Frontend\User\EloquentUserRepository.php(54): Illuminate\Database\Eloquent\Model::__callStatic('teachersFeature...', Array)
#16 C:\wamp64\www\brasiljuridico\app\Repositories\Frontend\User\EloquentUserRepository.php(54): App\User::teachersFeatured()
#17 C:\wamp64\www\brasiljuridico\app\Http\Controllers\Frontend\FrontendController.php(58): App\Repositories\Frontend\User\EloquentUserRepository->teachersFeatured()
#18 [internal function]: App\Http\Controllers\Frontend\FrontendController->index()
#19 C:\wamp64\www\brasiljuridico\vendor\laravel\framework\src\Illuminate\Routing\Controller.php(256): call_user_func_array(Array, Array)
#20 C:\wamp64\www\brasiljuridico\vendor\laravel\framework\src\Illuminate\Routing\ControllerDispatcher.php(164): Illuminate\Routing\Controller->callAction('index', Array)
#21 C:\wamp64\www\brasiljuridico\vendor\laravel\framework\src\Illuminate\Routing\ControllerDispatcher.php(112): Illuminate\Routing\ControllerDispatcher->call(Object(App\Http\Controllers\Frontend\FrontendController), Object(Illuminate\Routing\Route), 'index')
#22 [internal function]: Illuminate\Routing\ControllerDispatcher->Illuminate\Routing\{closure}(Object(Illuminate\Http\Request))
#23 C:\wamp64\www\brasiljuridico\vendor\laravel\framework\src\Illuminate\Pipeline\Pipeline.php(139): call_user_func(Object(Closure), Object(Illuminate\Http\Request))
#24 [internal function]: Illuminate\Pipeline\Pipeline->Illuminate\Pipeline\{closure}(Object(Illuminate\Http\Request))
#25 C:\wamp64\www\brasiljuridico\vendor\laravel\framework\src\Illuminate\Pipeline\Pipeline.php(103): call_user_func(Object(Closure), Object(Illuminate\Http\Request))
#26 C:\wamp64\www\brasiljuridico\vendor\laravel\framework\src\Illuminate\Routing\ControllerDispatcher.php(114): Illuminate\Pipeline\Pipeline->then(Object(Closure))
#27 C:\wamp64\www\brasiljuridico\vendor\laravel\framework\src\Illuminate\Routing\ControllerDispatcher.php(69): Illuminate\Routing\ControllerDispatcher->callWithinStack(Object(App\Http\Controllers\Frontend\FrontendController), Object(Illuminate\Routing\Route), Object(Illuminate\Http\Request), 'index')
#28 C:\wamp64\www\brasiljuridico\vendor\laravel\framework\src\Illuminate\Routing\Route.php(203): Illuminate\Routing\ControllerDispatcher->dispatch(Object(Illuminate\Routing\Route), Object(Illuminate\Http\Request), 'App\\Http\\Contro...', 'index')
#29 C:\wamp64\www\brasiljuridico\vendor\laravel\framework\src\Illuminate\Routing\Route.php(134): Illuminate\Routing\Route->runWithCustomDispatcher(Object(Illuminate\Http\Request))
#30 C:\wamp64\www\brasiljuridico\vendor\laravel\framework\src\Illuminate\Routing\Router.php(708): Illuminate\Routing\Route->run(Object(Illuminate\Http\Request))
#31 [internal function]: Illuminate\Routing\Router->Illuminate\Routing\{closure}(Object(Illuminate\Http\Request))
#32 C:\wamp64\www\brasiljuridico\vendor\laravel\framework\src\Illuminate\Pipeline\Pipeline.php(139): call_user_func(Object(Closure), Object(Illuminate\Http\Request))
#33 C:\wamp64\www\brasiljuridico\app\Http\Middleware\MailingRegister.php(39): Illuminate\Pipeline\Pipeline->Illuminate\Pipeline\{closure}(Object(Illuminate\Http\Request))
#34 [internal function]: App\Http\Middleware\MailingRegister->handle(Object(Illuminate\Http\Request), Object(Closure))
#35 C:\wamp64\www\brasiljuridico\vendor\laravel\framework\src\Illuminate\Pipeline\Pipeline.php(124): call_user_func_array(Array, Array)
#36 C:\wamp64\www\brasiljuridico\app\Http\Middleware\TrackCart.php(37): Illuminate\Pipeline\Pipeline->Illuminate\Pipeline\{closure}(Object(Illuminate\Http\Request))
#37 [internal function]: App\Http\Middleware\TrackCart->handle(Object(Illuminate\Http\Request), Object(Closure))
#38 C:\wamp64\www\brasiljuridico\vendor\laravel\framework\src\Illuminate\Pipeline\Pipeline.php(124): call_user_func_array(Array, Array)
#39 C:\wamp64\www\brasiljuridico\app\Http\Middleware\OriginExternal.php(72): Illuminate\Pipeline\Pipeline->Illuminate\Pipeline\{closure}(Object(Illuminate\Http\Request))
#40 [internal function]: App\Http\Middleware\OriginExternal->handle(Object(Illuminate\Http\Request), Object(Closure))
#41 C:\wamp64\www\brasiljuridico\vendor\laravel\framework\src\Illuminate\Pipeline\Pipeline.php(124): call_user_func_array(Array, Array)
#42 [internal function]: Illuminate\Pipeline\Pipeline->Illuminate\Pipeline\{closure}(Object(Illuminate\Http\Request))
#43 C:\wamp64\www\brasiljuridico\vendor\laravel\framework\src\Illuminate\Pipeline\Pipeline.php(103): call_user_func(Object(Closure), Object(Illuminate\Http\Request))
#44 C:\wamp64\www\brasiljuridico\vendor\laravel\framework\src\Illuminate\Routing\Router.php(710): Illuminate\Pipeline\Pipeline->then(Object(Closure))
#45 C:\wamp64\www\brasiljuridico\vendor\laravel\framework\src\Illuminate\Routing\Router.php(675): Illuminate\Routing\Router->runRouteWithinStack(Object(Illuminate\Routing\Route), Object(Illuminate\Http\Request))
#46 C:\wamp64\www\brasiljuridico\vendor\laravel\framework\src\Illuminate\Routing\Router.php(635): Illuminate\Routing\Router->dispatchToRoute(Object(Illuminate\Http\Request))
#47 C:\wamp64\www\brasiljuridico\vendor\laravel\framework\src\Illuminate\Foundation\Http\Kernel.php(236): Illuminate\Routing\Router->dispatch(Object(Illuminate\Http\Request))
#48 [internal function]: Illuminate\Foundation\Http\Kernel->Illuminate\Foundation\Http\{closure}(Object(Illuminate\Http\Request))
#49 C:\wamp64\www\brasiljuridico\vendor\laravel\framework\src\Illuminate\Pipeline\Pipeline.php(139): call_user_func(Object(Closure), Object(Illuminate\Http\Request))
#50 C:\wamp64\www\brasiljuridico\vendor\barryvdh\laravel-debugbar\src\Middleware\Debugbar.php(51): Illuminate\Pipeline\Pipeline->Illuminate\Pipeline\{closure}(Object(Illuminate\Http\Request))
#51 [internal function]: Barryvdh\Debugbar\Middleware\Debugbar->handle(Object(Illuminate\Http\Request), Object(Closure))
#52 C:\wamp64\www\brasiljuridico\vendor\laravel\framework\src\Illuminate\Pipeline\Pipeline.php(124): call_user_func_array(Array, Array)
#53 C:\wamp64\www\brasiljuridico\app\Http\Middleware\VerifyCsrfToken.php(36): Illuminate\Pipeline\Pipeline->Illuminate\Pipeline\{closure}(Object(Illuminate\Http\Request))
#54 [internal function]: App\Http\Middleware\VerifyCsrfToken->handle(Object(Illuminate\Http\Request), Object(Closure))
#55 C:\wamp64\www\brasiljuridico\vendor\laravel\framework\src\Illuminate\Pipeline\Pipeline.php(124): call_user_func_array(Array, Array)
#56 C:\wamp64\www\brasiljuridico\vendor\laravel\framework\src\Illuminate\View\Middleware\ShareErrorsFromSession.php(49): Illuminate\Pipeline\Pipeline->Illuminate\Pipeline\{closure}(Object(Illuminate\Http\Request))
#57 [internal function]: Illuminate\View\Middleware\ShareErrorsFromSession->handle(Object(Illuminate\Http\Request), Object(Closure))
#58 C:\wamp64\www\brasiljuridico\vendor\laravel\framework\src\Illuminate\Pipeline\Pipeline.php(124): call_user_func_array(Array, Array)
#59 C:\wamp64\www\brasiljuridico\vendor\laravel\framework\src\Illuminate\Session\Middleware\StartSession.php(62): Illuminate\Pipeline\Pipeline->Illuminate\Pipeline\{closure}(Object(Illuminate\Http\Request))
#60 [internal function]: Illuminate\Session\Middleware\StartSession->handle(Object(Illuminate\Http\Request), Object(Closure))
#61 C:\wamp64\www\brasiljuridico\vendor\laravel\framework\src\Illuminate\Pipeline\Pipeline.php(124): call_user_func_array(Array, Array)
#62 C:\wamp64\www\brasiljuridico\vendor\laravel\framework\src\Illuminate\Cookie\Middleware\AddQueuedCookiesToResponse.php(37): Illuminate\Pipeline\Pipeline->Illuminate\Pipeline\{closure}(Object(Illuminate\Http\Request))
#63 [internal function]: Illuminate\Cookie\Middleware\AddQueuedCookiesToResponse->handle(Object(Illuminate\Http\Request), Object(Closure))
#64 C:\wamp64\www\brasiljuridico\vendor\laravel\framework\src\Illuminate\Pipeline\Pipeline.php(124): call_user_func_array(Array, Array)
#65 C:\wamp64\www\brasiljuridico\vendor\laravel\framework\src\Illuminate\Cookie\Middleware\EncryptCookies.php(59): Illuminate\Pipeline\Pipeline->Illuminate\Pipeline\{closure}(Object(Illuminate\Http\Request))
#66 [internal function]: Illuminate\Cookie\Middleware\EncryptCookies->handle(Object(Illuminate\Http\Request), Object(Closure))
#67 C:\wamp64\www\brasiljuridico\vendor\laravel\framework\src\Illuminate\Pipeline\Pipeline.php(124): call_user_func_array(Array, Array)
#68 C:\wamp64\www\brasiljuridico\vendor\laravel\framework\src\Illuminate\Foundation\Http\Middleware\CheckForMaintenanceMode.php(44): Illuminate\Pipeline\Pipeline->Illuminate\Pipeline\{closure}(Object(Illuminate\Http\Request))
#69 [internal function]: Illuminate\Foundation\Http\Middleware\CheckForMaintenanceMode->handle(Object(Illuminate\Http\Request), Object(Closure))
#70 C:\wamp64\www\brasiljuridico\vendor\laravel\framework\src\Illuminate\Pipeline\Pipeline.php(124): call_user_func_array(Array, Array)
#71 [internal function]: Illuminate\Pipeline\Pipeline->Illuminate\Pipeline\{closure}(Object(Illuminate\Http\Request))
#72 C:\wamp64\www\brasiljuridico\vendor\laravel\framework\src\Illuminate\Pipeline\Pipeline.php(103): call_user_func(Object(Closure), Object(Illuminate\Http\Request))
#73 C:\wamp64\www\brasiljuridico\vendor\laravel\framework\src\Illuminate\Foundation\Http\Kernel.php(122): Illuminate\Pipeline\Pipeline->then(Object(Closure))
#74 C:\wamp64\www\brasiljuridico\vendor\laravel\framework\src\Illuminate\Foundation\Http\Kernel.php(87): Illuminate\Foundation\Http\Kernel->sendRequestThroughRouter(Object(Illuminate\Http\Request))
#75 C:\wamp64\www\brasiljuridico\public\index.php(54): Illuminate\Foundation\Http\Kernel->handle(Object(Illuminate\Http\Request))
#76 C:\wamp64\www\brasiljuridico\server.php(21): require_once('C:\\wamp64\\www\\b...')
#77 {main}  
[2017-08-16 22:48:35] local.ERROR: exception 'ErrorException' with message 'Trying to get property of non-object' in C:\wamp64\www\brasiljuridico\app\Http\Controllers\Frontend\FrontendController.php:229
Stack trace:
#0 C:\wamp64\www\brasiljuridico\app\Http\Controllers\Frontend\FrontendController.php(229): Illuminate\Foundation\Bootstrap\HandleExceptions->handleError(8, 'Trying to get p...', 'C:\\wamp64\\www\\b...', 229, Array)
#1 [internal function]: App\Http\Controllers\Frontend\FrontendController->getCourseOrSection(Object(Illuminate\Http\Request), 'js', 'vendor', 'modernizr-2.8.3...')
#2 C:\wamp64\www\brasiljuridico\vendor\laravel\framework\src\Illuminate\Routing\Controller.php(256): call_user_func_array(Array, Array)
#3 C:\wamp64\www\brasiljuridico\vendor\laravel\framework\src\Illuminate\Routing\ControllerDispatcher.php(164): Illuminate\Routing\Controller->callAction('getCourseOrSect...', Array)
#4 C:\wamp64\www\brasiljuridico\vendor\laravel\framework\src\Illuminate\Routing\ControllerDispatcher.php(112): Illuminate\Routing\ControllerDispatcher->call(Object(App\Http\Controllers\Frontend\FrontendController), Object(Illuminate\Routing\Route), 'getCourseOrSect...')
#5 [internal function]: Illuminate\Routing\ControllerDispatcher->Illuminate\Routing\{closure}(Object(Illuminate\Http\Request))
#6 C:\wamp64\www\brasiljuridico\vendor\laravel\framework\src\Illuminate\Pipeline\Pipeline.php(139): call_user_func(Object(Closure), Object(Illuminate\Http\Request))
#7 [internal function]: Illuminate\Pipeline\Pipeline->Illuminate\Pipeline\{closure}(Object(Illuminate\Http\Request))
#8 C:\wamp64\www\brasiljuridico\vendor\laravel\framework\src\Illuminate\Pipeline\Pipeline.php(103): call_user_func(Object(Closure), Object(Illuminate\Http\Request))
#9 C:\wamp64\www\brasiljuridico\vendor\laravel\framework\src\Illuminate\Routing\ControllerDispatcher.php(114): Illuminate\Pipeline\Pipeline->then(Object(Closure))
#10 C:\wamp64\www\brasiljuridico\vendor\laravel\framework\src\Illuminate\Routing\ControllerDispatcher.php(69): Illuminate\Routing\ControllerDispatcher->callWithinStack(Object(App\Http\Controllers\Frontend\FrontendController), Object(Illuminate\Routing\Route), Object(Illuminate\Http\Request), 'getCourseOrSect...')
#11 C:\wamp64\www\brasiljuridico\vendor\laravel\framework\src\Illuminate\Routing\Route.php(203): Illuminate\Routing\ControllerDispatcher->dispatch(Object(Illuminate\Routing\Route), Object(Illuminate\Http\Request), 'App\\Http\\Contro...', 'getCourseOrSect...')
#12 C:\wamp64\www\brasiljuridico\vendor\laravel\framework\src\Illuminate\Routing\Route.php(134): Illuminate\Routing\Route->runWithCustomDispatcher(Object(Illuminate\Http\Request))
#13 C:\wamp64\www\brasiljuridico\vendor\laravel\framework\src\Illuminate\Routing\Router.php(708): Illuminate\Routing\Route->run(Object(Illuminate\Http\Request))
#14 [internal function]: Illuminate\Routing\Router->Illuminate\Routing\{closure}(Object(Illuminate\Http\Request))
#15 C:\wamp64\www\brasiljuridico\vendor\laravel\framework\src\Illuminate\Pipeline\Pipeline.php(139): call_user_func(Object(Closure), Object(Illuminate\Http\Request))
#16 C:\wamp64\www\brasiljuridico\app\Http\Middleware\MailingRegister.php(39): Illuminate\Pipeline\Pipeline->Illuminate\Pipeline\{closure}(Object(Illuminate\Http\Request))
#17 [internal function]: App\Http\Middleware\MailingRegister->handle(Object(Illuminate\Http\Request), Object(Closure))
#18 C:\wamp64\www\brasiljuridico\vendor\laravel\framework\src\Illuminate\Pipeline\Pipeline.php(124): call_user_func_array(Array, Array)
#19 C:\wamp64\www\brasiljuridico\app\Http\Middleware\TrackCart.php(37): Illuminate\Pipeline\Pipeline->Illuminate\Pipeline\{closure}(Object(Illuminate\Http\Request))
#20 [internal function]: App\Http\Middleware\TrackCart->handle(Object(Illuminate\Http\Request), Object(Closure))
#21 C:\wamp64\www\brasiljuridico\vendor\laravel\framework\src\Illuminate\Pipeline\Pipeline.php(124): call_user_func_array(Array, Array)
#22 C:\wamp64\www\brasiljuridico\app\Http\Middleware\OriginExternal.php(72): Illuminate\Pipeline\Pipeline->Illuminate\Pipeline\{closure}(Object(Illuminate\Http\Request))
#23 [internal function]: App\Http\Middleware\OriginExternal->handle(Object(Illuminate\Http\Request), Object(Closure))
#24 C:\wamp64\www\brasiljuridico\vendor\laravel\framework\src\Illuminate\Pipeline\Pipeline.php(124): call_user_func_array(Array, Array)
#25 [internal function]: Illuminate\Pipeline\Pipeline->Illuminate\Pipeline\{closure}(Object(Illuminate\Http\Request))
#26 C:\wamp64\www\brasiljuridico\vendor\laravel\framework\src\Illuminate\Pipeline\Pipeline.php(103): call_user_func(Object(Closure), Object(Illuminate\Http\Request))
#27 C:\wamp64\www\brasiljuridico\vendor\laravel\framework\src\Illuminate\Routing\Router.php(710): Illuminate\Pipeline\Pipeline->then(Object(Closure))
#28 C:\wamp64\www\brasiljuridico\vendor\laravel\framework\src\Illuminate\Routing\Router.php(675): Illuminate\Routing\Router->runRouteWithinStack(Object(Illuminate\Routing\Route), Object(Illuminate\Http\Request))
#29 C:\wamp64\www\brasiljuridico\vendor\laravel\framework\src\Illuminate\Routing\Router.php(635): Illuminate\Routing\Router->dispatchToRoute(Object(Illuminate\Http\Request))
#30 C:\wamp64\www\brasiljuridico\vendor\laravel\framework\src\Illuminate\Foundation\Http\Kernel.php(236): Illuminate\Routing\Router->dispatch(Object(Illuminate\Http\Request))
#31 [internal function]: Illuminate\Foundation\Http\Kernel->Illuminate\Foundation\Http\{closure}(Object(Illuminate\Http\Request))
#32 C:\wamp64\www\brasiljuridico\vendor\laravel\framework\src\Illuminate\Pipeline\Pipeline.php(139): call_user_func(Object(Closure), Object(Illuminate\Http\Request))
#33 C:\wamp64\www\brasiljuridico\vendor\barryvdh\laravel-debugbar\src\Middleware\Debugbar.php(51): Illuminate\Pipeline\Pipeline->Illuminate\Pipeline\{closure}(Object(Illuminate\Http\Request))
#34 [internal function]: Barryvdh\Debugbar\Middleware\Debugbar->handle(Object(Illuminate\Http\Request), Object(Closure))
#35 C:\wamp64\www\brasiljuridico\vendor\laravel\framework\src\Illuminate\Pipeline\Pipeline.php(124): call_user_func_array(Array, Array)
#36 C:\wamp64\www\brasiljuridico\app\Http\Middleware\VerifyCsrfToken.php(36): Illuminate\Pipeline\Pipeline->Illuminate\Pipeline\{closure}(Object(Illuminate\Http\Request))
#37 [internal function]: App\Http\Middleware\VerifyCsrfToken->handle(Object(Illuminate\Http\Request), Object(Closure))
#38 C:\wamp64\www\brasiljuridico\vendor\laravel\framework\src\Illuminate\Pipeline\Pipeline.php(124): call_user_func_array(Array, Array)
#39 C:\wamp64\www\brasiljuridico\vendor\laravel\framework\src\Illuminate\View\Middleware\ShareErrorsFromSession.php(49): Illuminate\Pipeline\Pipeline->Illuminate\Pipeline\{closure}(Object(Illuminate\Http\Request))
#40 [internal function]: Illuminate\View\Middleware\ShareErrorsFromSession->handle(Object(Illuminate\Http\Request), Object(Closure))
#41 C:\wamp64\www\brasiljuridico\vendor\laravel\framework\src\Illuminate\Pipeline\Pipeline.php(124): call_user_func_array(Array, Array)
#42 C:\wamp64\www\brasiljuridico\vendor\laravel\framework\src\Illuminate\Session\Middleware\StartSession.php(62): Illuminate\Pipeline\Pipeline->Illuminate\Pipeline\{closure}(Object(Illuminate\Http\Request))
#43 [internal function]: Illuminate\Session\Middleware\StartSession->handle(Object(Illuminate\Http\Request), Object(Closure))
#44 C:\wamp64\www\brasiljuridico\vendor\laravel\framework\src\Illuminate\Pipeline\Pipeline.php(124): call_user_func_array(Array, Array)
#45 C:\wamp64\www\brasiljuridico\vendor\laravel\framework\src\Illuminate\Cookie\Middleware\AddQueuedCookiesToResponse.php(37): Illuminate\Pipeline\Pipeline->Illuminate\Pipeline\{closure}(Object(Illuminate\Http\Request))
#46 [internal function]: Illuminate\Cookie\Middleware\AddQueuedCookiesToResponse->handle(Object(Illuminate\Http\Request), Object(Closure))
#47 C:\wamp64\www\brasiljuridico\vendor\laravel\framework\src\Illuminate\Pipeline\Pipeline.php(124): call_user_func_array(Array, Array)
#48 C:\wamp64\www\brasiljuridico\vendor\laravel\framework\src\Illuminate\Cookie\Middleware\EncryptCookies.php(59): Illuminate\Pipeline\Pipeline->Illuminate\Pipeline\{closure}(Object(Illuminate\Http\Request))
#49 [internal function]: Illuminate\Cookie\Middleware\EncryptCookies->handle(Object(Illuminate\Http\Request), Object(Closure))
#50 C:\wamp64\www\brasiljuridico\vendor\laravel\framework\src\Illuminate\Pipeline\Pipeline.php(124): call_user_func_array(Array, Array)
#51 C:\wamp64\www\brasiljuridico\vendor\laravel\framework\src\Illuminate\Foundation\Http\Middleware\CheckForMaintenanceMode.php(44): Illuminate\Pipeline\Pipeline->Illuminate\Pipeline\{closure}(Object(Illuminate\Http\Request))
#52 [internal function]: Illuminate\Foundation\Http\Middleware\CheckForMaintenanceMode->handle(Object(Illuminate\Http\Request), Object(Closure))
#53 C:\wamp64\www\brasiljuridico\vendor\laravel\framework\src\Illuminate\Pipeline\Pipeline.php(124): call_user_func_array(Array, Array)
#54 [internal function]: Illuminate\Pipeline\Pipeline->Illuminate\Pipeline\{closure}(Object(Illuminate\Http\Request))
#55 C:\wamp64\www\brasiljuridico\vendor\laravel\framework\src\Illuminate\Pipeline\Pipeline.php(103): call_user_func(Object(Closure), Object(Illuminate\Http\Request))
#56 C:\wamp64\www\brasiljuridico\vendor\laravel\framework\src\Illuminate\Foundation\Http\Kernel.php(122): Illuminate\Pipeline\Pipeline->then(Object(Closure))
#57 C:\wamp64\www\brasiljuridico\vendor\laravel\framework\src\Illuminate\Foundation\Http\Kernel.php(87): Illuminate\Foundation\Http\Kernel->sendRequestThroughRouter(Object(Illuminate\Http\Request))
#58 C:\wamp64\www\brasiljuridico\public\index.php(54): Illuminate\Foundation\Http\Kernel->handle(Object(Illuminate\Http\Request))
#59 C:\wamp64\www\brasiljuridico\server.php(21): require_once('C:\\wamp64\\www\\b...')
#60 {main}  
[2017-08-16 22:48:57] local.INFO: User Logged In: Gilson de Melo  
[2017-08-16 22:48:57] local.INFO: Informação do authenticate: GET /admin HTTP/1.1
Accept:                    text/html,application/xhtml+xml,application/xml;q=0.9,image/webp,image/apng,*/*;q=0.8
Accept-Encoding:           gzip, deflate, br
Accept-Language:           pt-BR,pt;q=0.8,en-US;q=0.6,en;q=0.4
Cache-Control:             max-age=0
Connection:                keep-alive
Cookie:                    _gat=1; _ga=GA1.1.1618270668.1502934496; _gid=GA1.1.1245296495.1502934496; XSRF-TOKEN=eyJpdiI6IktvQVM0UXdlRUU3dXBMSVBBY2o4SHc9PSIsInZhbHVlIjoielwvczFOQ09TS1FxUW5oNDJHSUFnQ1lMaVwvUWJxQjdheGQwOFwvNDFFcVFxdTN5QlpoZjBjazNad21jYWErc0lUQXBXT0hpdVhhSXhYZTAxUUxLZHJ1Z2c9PSIsIm1hYyI6ImVlMWMxNjRhNzFlYzhmMjY0OTA4YmY5Y2E2ZTQ3MzhmMzU3ZWQyZDc3MzkzYTA0YmRlZTBlZGU3MTFmNjEwNzEifQ%3D%3D; bj_session=eyJpdiI6ImRRNGNHZXVTaVQrdzlMTjV4OFVKb0E9PSIsInZhbHVlIjoiQ3RcLzM3Zm0xcFFnSnV1OE9rb2R0NXZWaHpsMVlVZTFNYWN3RGljOUVHMGF6VlRKWkd2dlwvZzA3MmpUY3RnakluclRTVGlQUGszZW5ZZFM0akhqckhXdz09IiwibWFjIjoiOGU4NWRkMTViZTM3YzM0YmZmYzFhYmI4MTk2OWY3NTYyODMyMzgxOWVjMzg2NDRiZDFlNDliZTk3NGM2OTM3YiJ9
Host:                      localhost:8000
Referer:                   http://localhost:8000/admin/auth/login
Upgrade-Insecure-Requests: 1
User-Agent:                Mozilla/5.0 (Windows NT 10.0; Win64; x64) AppleWebKit/537.36 (KHTML, like Gecko) Chrome/60.0.3112.90 Safari/537.36

  
[2017-08-16 22:49:04] local.INFO: Informação do authenticate: POST /admin/courses/report HTTP/1.1
Accept:           */*
Accept-Encoding:  gzip, deflate, br
Accept-Language:  pt-BR,pt;q=0.8,en-US;q=0.6,en;q=0.4
Connection:       keep-alive
Content-Length:   37
Content-Type:     application/x-www-form-urlencoded; charset=UTF-8
Cookie:           _gat=1; _ga=GA1.1.1618270668.1502934496; _gid=GA1.1.1245296495.1502934496; XSRF-TOKEN=eyJpdiI6IlNIbXlGMGNMQXUzZEJ3MTFZeEVDVVE9PSIsInZhbHVlIjoiOTRBdGsrQ04rMXlVUW5COFNZOG5yYjdSeksyOWZmRDg2MThkcnpXWDBmVW9QWkhxcHRqK3NLSE5IblJ6ZGg1NXEzNFZobGg2eVpGVjdvXC9pWEVJMlwvUT09IiwibWFjIjoiZjczODlkMWM0NjY5ZGU3OGNlNGE3YjZlMDBiYTZhZTVlMmU5NjhiZGM2Y2M4NDc3YjU0NjBkOTgyMzNjYWYwYyJ9; bj_session=eyJpdiI6Ik1pWGUxdmxXTXNtMXVvYXdTbHhHVGc9PSIsInZhbHVlIjoiM1RnVkpVaDkrTVJ6UTFPMjN0VHA1b3VPOEI3WG5NdWlCemVpYUo2QXlNSHpXQlpMQk4yMkkxdzhUZENzUjN6REdPQ3hjZThpOWxmQWM2U2NqWExtRkE9PSIsIm1hYyI6IjE0NjAwZWEyNDBhMTdhMmU2Yzk5YWY2M2U3N2Y2ZmEwOWMwOGI3MTEwZmRmYjRlNTIzNjcwNmVmMDc0OTA1YTAifQ%3D%3D
Host:             localhost:8000
Origin:           http://localhost:8000
Referer:          http://localhost:8000/admin
User-Agent:       Mozilla/5.0 (Windows NT 10.0; Win64; x64) AppleWebKit/537.36 (KHTML, like Gecko) Chrome/60.0.3112.90 Safari/537.36
X-Csrf-Token:     yextpPWndPGdjT59s2rxHovayPQhhbQNNCGJTGn7
X-Requested-With: XMLHttpRequest

period=annual&type=courses&specific=0  
[2017-08-16 22:49:06] local.ERROR: exception 'ErrorException' with message 'Trying to get property of non-object' in C:\wamp64\www\brasiljuridico\app\Repositories\Backend\GeneralReport\EloquentGeneralReportRepository.php:55
Stack trace:
#0 C:\wamp64\www\brasiljuridico\app\Repositories\Backend\GeneralReport\EloquentGeneralReportRepository.php(55): Illuminate\Foundation\Bootstrap\HandleExceptions->handleError(8, 'Trying to get p...', 'C:\\wamp64\\www\\b...', 55, Array)
#1 C:\wamp64\www\brasiljuridico\vendor\laravel\framework\src\Illuminate\Support\Collection.php(794): App\Repositories\Backend\GeneralReport\EloquentGeneralReportRepository->App\Repositories\Backend\GeneralReport\{closure}(Object(App\OrderCourse), 967)
#2 C:\wamp64\www\brasiljuridico\app\Repositories\Backend\GeneralReport\EloquentGeneralReportRepository.php(55): Illuminate\Support\Collection->sortBy(Object(Closure))
#3 C:\wamp64\www\brasiljuridico\app\Http\Controllers\Backend\GeneralReportController.php(56): App\Repositories\Backend\GeneralReport\EloquentGeneralReportRepository->getAnnualOrderReports(Object(Illuminate\Database\Eloquent\Builder), NULL)
#4 [internal function]: App\Http\Controllers\Backend\GeneralReportController->sales(Object(Illuminate\Http\Request))
#5 C:\wamp64\www\brasiljuridico\vendor\laravel\framework\src\Illuminate\Routing\Controller.php(256): call_user_func_array(Array, Array)
#6 C:\wamp64\www\brasiljuridico\vendor\laravel\framework\src\Illuminate\Routing\ControllerDispatcher.php(164): Illuminate\Routing\Controller->callAction('sales', Array)
#7 C:\wamp64\www\brasiljuridico\vendor\laravel\framework\src\Illuminate\Routing\ControllerDispatcher.php(112): Illuminate\Routing\ControllerDispatcher->call(Object(App\Http\Controllers\Backend\GeneralReportController), Object(Illuminate\Routing\Route), 'sales')
#8 [internal function]: Illuminate\Routing\ControllerDispatcher->Illuminate\Routing\{closure}(Object(Illuminate\Http\Request))
#9 C:\wamp64\www\brasiljuridico\vendor\laravel\framework\src\Illuminate\Pipeline\Pipeline.php(139): call_user_func(Object(Closure), Object(Illuminate\Http\Request))
#10 [internal function]: Illuminate\Pipeline\Pipeline->Illuminate\Pipeline\{closure}(Object(Illuminate\Http\Request))
#11 C:\wamp64\www\brasiljuridico\vendor\laravel\framework\src\Illuminate\Pipeline\Pipeline.php(103): call_user_func(Object(Closure), Object(Illuminate\Http\Request))
#12 C:\wamp64\www\brasiljuridico\vendor\laravel\framework\src\Illuminate\Routing\ControllerDispatcher.php(114): Illuminate\Pipeline\Pipeline->then(Object(Closure))
#13 C:\wamp64\www\brasiljuridico\vendor\laravel\framework\src\Illuminate\Routing\ControllerDispatcher.php(69): Illuminate\Routing\ControllerDispatcher->callWithinStack(Object(App\Http\Controllers\Backend\GeneralReportController), Object(Illuminate\Routing\Route), Object(Illuminate\Http\Request), 'sales')
#14 C:\wamp64\www\brasiljuridico\vendor\laravel\framework\src\Illuminate\Routing\Route.php(203): Illuminate\Routing\ControllerDispatcher->dispatch(Object(Illuminate\Routing\Route), Object(Illuminate\Http\Request), 'App\\Http\\Contro...', 'sales')
#15 C:\wamp64\www\brasiljuridico\vendor\laravel\framework\src\Illuminate\Routing\Route.php(134): Illuminate\Routing\Route->runWithCustomDispatcher(Object(Illuminate\Http\Request))
#16 C:\wamp64\www\brasiljuridico\vendor\laravel\framework\src\Illuminate\Routing\Router.php(708): Illuminate\Routing\Route->run(Object(Illuminate\Http\Request))
#17 [internal function]: Illuminate\Routing\Router->Illuminate\Routing\{closure}(Object(Illuminate\Http\Request))
#18 C:\wamp64\www\brasiljuridico\vendor\laravel\framework\src\Illuminate\Pipeline\Pipeline.php(139): call_user_func(Object(Closure), Object(Illuminate\Http\Request))
#19 C:\wamp64\www\brasiljuridico\app\Http\Middleware\RouteNeedsPermission.php(25): Illuminate\Pipeline\Pipeline->Illuminate\Pipeline\{closure}(Object(Illuminate\Http\Request))
#20 [internal function]: App\Http\Middleware\RouteNeedsPermission->handle(Object(Illuminate\Http\Request), Object(Closure))
#21 C:\wamp64\www\brasiljuridico\vendor\laravel\framework\src\Illuminate\Pipeline\Pipeline.php(124): call_user_func_array(Array, Array)
#22 C:\wamp64\www\brasiljuridico\app\Http\Middleware\Authenticate.php(56): Illuminate\Pipeline\Pipeline->Illuminate\Pipeline\{closure}(Object(Illuminate\Http\Request))
#23 [internal function]: App\Http\Middleware\Authenticate->handle(Object(Illuminate\Http\Request), Object(Closure))
#24 C:\wamp64\www\brasiljuridico\vendor\laravel\framework\src\Illuminate\Pipeline\Pipeline.php(124): call_user_func_array(Array, Array)
#25 [internal function]: Illuminate\Pipeline\Pipeline->Illuminate\Pipeline\{closure}(Object(Illuminate\Http\Request))
#26 C:\wamp64\www\brasiljuridico\vendor\laravel\framework\src\Illuminate\Pipeline\Pipeline.php(103): call_user_func(Object(Closure), Object(Illuminate\Http\Request))
#27 C:\wamp64\www\brasiljuridico\vendor\laravel\framework\src\Illuminate\Routing\Router.php(710): Illuminate\Pipeline\Pipeline->then(Object(Closure))
#28 C:\wamp64\www\brasiljuridico\vendor\laravel\framework\src\Illuminate\Routing\Router.php(675): Illuminate\Routing\Router->runRouteWithinStack(Object(Illuminate\Routing\Route), Object(Illuminate\Http\Request))
#29 C:\wamp64\www\brasiljuridico\vendor\laravel\framework\src\Illuminate\Routing\Router.php(635): Illuminate\Routing\Router->dispatchToRoute(Object(Illuminate\Http\Request))
#30 C:\wamp64\www\brasiljuridico\vendor\laravel\framework\src\Illuminate\Foundation\Http\Kernel.php(236): Illuminate\Routing\Router->dispatch(Object(Illuminate\Http\Request))
#31 [internal function]: Illuminate\Foundation\Http\Kernel->Illuminate\Foundation\Http\{closure}(Object(Illuminate\Http\Request))
#32 C:\wamp64\www\brasiljuridico\vendor\laravel\framework\src\Illuminate\Pipeline\Pipeline.php(139): call_user_func(Object(Closure), Object(Illuminate\Http\Request))
#33 C:\wamp64\www\brasiljuridico\vendor\barryvdh\laravel-debugbar\src\Middleware\Debugbar.php(51): Illuminate\Pipeline\Pipeline->Illuminate\Pipeline\{closure}(Object(Illuminate\Http\Request))
#34 [internal function]: Barryvdh\Debugbar\Middleware\Debugbar->handle(Object(Illuminate\Http\Request), Object(Closure))
#35 C:\wamp64\www\brasiljuridico\vendor\laravel\framework\src\Illuminate\Pipeline\Pipeline.php(124): call_user_func_array(Array, Array)
#36 C:\wamp64\www\brasiljuridico\app\Http\Middleware\VerifyCsrfToken.php(36): Illuminate\Pipeline\Pipeline->Illuminate\Pipeline\{closure}(Object(Illuminate\Http\Request))
#37 [internal function]: App\Http\Middleware\VerifyCsrfToken->handle(Object(Illuminate\Http\Request), Object(Closure))
#38 C:\wamp64\www\brasiljuridico\vendor\laravel\framework\src\Illuminate\Pipeline\Pipeline.php(124): call_user_func_array(Array, Array)
#39 C:\wamp64\www\brasiljuridico\vendor\laravel\framework\src\Illuminate\View\Middleware\ShareErrorsFromSession.php(49): Illuminate\Pipeline\Pipeline->Illuminate\Pipeline\{closure}(Object(Illuminate\Http\Request))
#40 [internal function]: Illuminate\View\Middleware\ShareErrorsFromSession->handle(Object(Illuminate\Http\Request), Object(Closure))
#41 C:\wamp64\www\brasiljuridico\vendor\laravel\framework\src\Illuminate\Pipeline\Pipeline.php(124): call_user_func_array(Array, Array)
#42 C:\wamp64\www\brasiljuridico\vendor\laravel\framework\src\Illuminate\Session\Middleware\StartSession.php(62): Illuminate\Pipeline\Pipeline->Illuminate\Pipeline\{closure}(Object(Illuminate\Http\Request))
#43 [internal function]: Illuminate\Session\Middleware\StartSession->handle(Object(Illuminate\Http\Request), Object(Closure))
#44 C:\wamp64\www\brasiljuridico\vendor\laravel\framework\src\Illuminate\Pipeline\Pipeline.php(124): call_user_func_array(Array, Array)
#45 C:\wamp64\www\brasiljuridico\vendor\laravel\framework\src\Illuminate\Cookie\Middleware\AddQueuedCookiesToResponse.php(37): Illuminate\Pipeline\Pipeline->Illuminate\Pipeline\{closure}(Object(Illuminate\Http\Request))
#46 [internal function]: Illuminate\Cookie\Middleware\AddQueuedCookiesToResponse->handle(Object(Illuminate\Http\Request), Object(Closure))
#47 C:\wamp64\www\brasiljuridico\vendor\laravel\framework\src\Illuminate\Pipeline\Pipeline.php(124): call_user_func_array(Array, Array)
#48 C:\wamp64\www\brasiljuridico\vendor\laravel\framework\src\Illuminate\Cookie\Middleware\EncryptCookies.php(59): Illuminate\Pipeline\Pipeline->Illuminate\Pipeline\{closure}(Object(Illuminate\Http\Request))
#49 [internal function]: Illuminate\Cookie\Middleware\EncryptCookies->handle(Object(Illuminate\Http\Request), Object(Closure))
#50 C:\wamp64\www\brasiljuridico\vendor\laravel\framework\src\Illuminate\Pipeline\Pipeline.php(124): call_user_func_array(Array, Array)
#51 C:\wamp64\www\brasiljuridico\vendor\laravel\framework\src\Illuminate\Foundation\Http\Middleware\CheckForMaintenanceMode.php(44): Illuminate\Pipeline\Pipeline->Illuminate\Pipeline\{closure}(Object(Illuminate\Http\Request))
#52 [internal function]: Illuminate\Foundation\Http\Middleware\CheckForMaintenanceMode->handle(Object(Illuminate\Http\Request), Object(Closure))
#53 C:\wamp64\www\brasiljuridico\vendor\laravel\framework\src\Illuminate\Pipeline\Pipeline.php(124): call_user_func_array(Array, Array)
#54 [internal function]: Illuminate\Pipeline\Pipeline->Illuminate\Pipeline\{closure}(Object(Illuminate\Http\Request))
#55 C:\wamp64\www\brasiljuridico\vendor\laravel\framework\src\Illuminate\Pipeline\Pipeline.php(103): call_user_func(Object(Closure), Object(Illuminate\Http\Request))
#56 C:\wamp64\www\brasiljuridico\vendor\laravel\framework\src\Illuminate\Foundation\Http\Kernel.php(122): Illuminate\Pipeline\Pipeline->then(Object(Closure))
#57 C:\wamp64\www\brasiljuridico\vendor\laravel\framework\src\Illuminate\Foundation\Http\Kernel.php(87): Illuminate\Foundation\Http\Kernel->sendRequestThroughRouter(Object(Illuminate\Http\Request))
#58 C:\wamp64\www\brasiljuridico\public\index.php(54): Illuminate\Foundation\Http\Kernel->handle(Object(Illuminate\Http\Request))
#59 C:\wamp64\www\brasiljuridico\server.php(21): require_once('C:\\wamp64\\www\\b...')
#60 {main}  
[2017-08-16 22:49:07] local.INFO: Informação do authenticate: POST /admin/courses/totalSales HTTP/1.1
Accept:           */*
Accept-Encoding:  gzip, deflate, br
Accept-Language:  pt-BR,pt;q=0.8,en-US;q=0.6,en;q=0.4
Connection:       keep-alive
Content-Length:   12
Content-Type:     application/x-www-form-urlencoded; charset=UTF-8
Cookie:           _gat=1; _ga=GA1.1.1618270668.1502934496; _gid=GA1.1.1245296495.1502934496; XSRF-TOKEN=eyJpdiI6IlNIbXlGMGNMQXUzZEJ3MTFZeEVDVVE9PSIsInZhbHVlIjoiOTRBdGsrQ04rMXlVUW5COFNZOG5yYjdSeksyOWZmRDg2MThkcnpXWDBmVW9QWkhxcHRqK3NLSE5IblJ6ZGg1NXEzNFZobGg2eVpGVjdvXC9pWEVJMlwvUT09IiwibWFjIjoiZjczODlkMWM0NjY5ZGU3OGNlNGE3YjZlMDBiYTZhZTVlMmU5NjhiZGM2Y2M4NDc3YjU0NjBkOTgyMzNjYWYwYyJ9; bj_session=eyJpdiI6Ik1pWGUxdmxXTXNtMXVvYXdTbHhHVGc9PSIsInZhbHVlIjoiM1RnVkpVaDkrTVJ6UTFPMjN0VHA1b3VPOEI3WG5NdWlCemVpYUo2QXlNSHpXQlpMQk4yMkkxdzhUZENzUjN6REdPQ3hjZThpOWxmQWM2U2NqWExtRkE9PSIsIm1hYyI6IjE0NjAwZWEyNDBhMTdhMmU2Yzk5YWY2M2U3N2Y2ZmEwOWMwOGI3MTEwZmRmYjRlNTIzNjcwNmVmMDc0OTA1YTAifQ%3D%3D
Host:             localhost:8000
Origin:           http://localhost:8000
Referer:          http://localhost:8000/admin
User-Agent:       Mozilla/5.0 (Windows NT 10.0; Win64; x64) AppleWebKit/537.36 (KHTML, like Gecko) Chrome/60.0.3112.90 Safari/537.36
X-Csrf-Token:     yextpPWndPGdjT59s2rxHovayPQhhbQNNCGJTGn7
X-Requested-With: XMLHttpRequest

type=courses  
