[2017-10-25 10:43:56] production.ERROR: PDOException: SQLSTATE[HY000] [1045] Access denied for user 'forge'@'localhost' (using password: NO) in C:\wamp64\www\aprendanaweb\vendor\laravel\framework\src\Illuminate\Database\Connectors\Connector.php:55
Stack trace:
#0 C:\wamp64\www\aprendanaweb\vendor\laravel\framework\src\Illuminate\Database\Connectors\Connector.php(55): PDO->__construct('mysql:host=loca...', 'forge', '', Array)
#1 C:\wamp64\www\aprendanaweb\vendor\laravel\framework\src\Illuminate\Database\Connectors\MySqlConnector.php(22): Illuminate\Database\Connectors\Connector->createConnection('mysql:host=loca...', Array, Array)
#2 C:\wamp64\www\aprendanaweb\bootstrap\cache\compiled.php(11483): Illuminate\Database\Connectors\MySqlConnector->connect(Array)
#3 C:\wamp64\www\aprendanaweb\bootstrap\cache\compiled.php(11479): Illuminate\Database\Connectors\ConnectionFactory->createSingleConnection(Array)
#4 C:\wamp64\www\aprendanaweb\bootstrap\cache\compiled.php(11394): Illuminate\Database\Connectors\ConnectionFactory->make(Array, 'mysql')
#5 C:\wamp64\www\aprendanaweb\bootstrap\cache\compiled.php(11349): Illuminate\Database\DatabaseManager->makeConnection('mysql')
#6 C:\wamp64\www\aprendanaweb\bootstrap\cache\compiled.php(11220): Illuminate\Database\DatabaseManager->connection('mysql')
#7 C:\wamp64\www\aprendanaweb\bootstrap\cache\compiled.php(11207): Illuminate\Database\Eloquent\Model::resolveConnection(NULL)
#8 C:\wamp64\www\aprendanaweb\bootstrap\cache\compiled.php(10652): Illuminate\Database\Eloquent\Model->getConnection()
#9 C:\wamp64\www\aprendanaweb\bootstrap\cache\compiled.php(10629): Illuminate\Database\Eloquent\Model->newBaseQueryBuilder()
#10 C:\wamp64\www\aprendanaweb\bootstrap\cache\compiled.php(10619): Illuminate\Database\Eloquent\Model->newQueryWithoutScopes()
#11 C:\wamp64\www\aprendanaweb\bootstrap\cache\compiled.php(11310): Illuminate\Database\Eloquent\Model->newQuery()
#12 [internal function]: Illuminate\Database\Eloquent\Model->__call('where', Array)
#13 C:\wamp64\www\aprendanaweb\bootstrap\cache\compiled.php(11316): call_user_func_array(Array, Array)
#14 C:\wamp64\www\aprendanaweb\app\Repositories\Frontend\Section\EloquentSectionRepository.php(35): Illuminate\Database\Eloquent\Model::__callStatic('where', Array)
#15 C:\wamp64\www\aprendanaweb\app\Http\Controllers\Frontend\FrontendController.php(122): App\Repositories\Frontend\Section\EloquentSectionRepository->findBySlug('packages')
#16 [internal function]: App\Http\Controllers\Frontend\FrontendController->getCourseOrSection(Object(Illuminate\Http\Request), 'api', 'packages')
#17 C:\wamp64\www\aprendanaweb\bootstrap\cache\compiled.php(8937): call_user_func_array(Array, Array)
#18 C:\wamp64\www\aprendanaweb\bootstrap\cache\compiled.php(9006): Illuminate\Routing\Controller->callAction('getCourseOrSect...', Array)
#19 C:\wamp64\www\aprendanaweb\bootstrap\cache\compiled.php(8986): Illuminate\Routing\ControllerDispatcher->call(Object(App\Http\Controllers\Frontend\FrontendController), Object(Illuminate\Routing\Route), 'getCourseOrSect...')
#20 [internal function]: Illuminate\Routing\ControllerDispatcher->Illuminate\Routing\{closure}(Object(Illuminate\Http\Request))
#21 C:\wamp64\www\aprendanaweb\bootstrap\cache\compiled.php(9657): call_user_func(Object(Closure), Object(Illuminate\Http\Request))
#22 [internal function]: Illuminate\Pipeline\Pipeline->Illuminate\Pipeline\{closure}(Object(Illuminate\Http\Request))
#23 C:\wamp64\www\aprendanaweb\bootstrap\cache\compiled.php(9639): call_user_func(Object(Closure), Object(Illuminate\Http\Request))
#24 C:\wamp64\www\aprendanaweb\bootstrap\cache\compiled.php(8987): Illuminate\Pipeline\Pipeline->then(Object(Closure))
#25 C:\wamp64\www\aprendanaweb\bootstrap\cache\compiled.php(8972): Illuminate\Routing\ControllerDispatcher->callWithinStack(Object(App\Http\Controllers\Frontend\FrontendController), Object(Illuminate\Routing\Route), Object(Illuminate\Http\Request), 'getCourseOrSect...')
#26 C:\wamp64\www\aprendanaweb\bootstrap\cache\compiled.php(7917): Illuminate\Routing\ControllerDispatcher->dispatch(Object(Illuminate\Routing\Route), Object(Illuminate\Http\Request), 'App\\Http\\Contro...', 'getCourseOrSect...')
#27 C:\wamp64\www\aprendanaweb\bootstrap\cache\compiled.php(7888): Illuminate\Routing\Route->runWithCustomDispatcher(Object(Illuminate\Http\Request))
#28 C:\wamp64\www\aprendanaweb\bootstrap\cache\compiled.php(7541): Illuminate\Routing\Route->run(Object(Illuminate\Http\Request))
#29 [internal function]: Illuminate\Routing\Router->Illuminate\Routing\{closure}(Object(Illuminate\Http\Request))
#30 C:\wamp64\www\aprendanaweb\bootstrap\cache\compiled.php(9657): call_user_func(Object(Closure), Object(Illuminate\Http\Request))
#31 C:\wamp64\www\aprendanaweb\app\Http\Middleware\MailingRegister.php(39): Illuminate\Pipeline\Pipeline->Illuminate\Pipeline\{closure}(Object(Illuminate\Http\Request))
#32 [internal function]: App\Http\Middleware\MailingRegister->handle(Object(Illuminate\Http\Request), Object(Closure))
#33 C:\wamp64\www\aprendanaweb\bootstrap\cache\compiled.php(9649): call_user_func_array(Array, Array)
#34 C:\wamp64\www\aprendanaweb\app\Http\Middleware\TrackCart.php(37): Illuminate\Pipeline\Pipeline->Illuminate\Pipeline\{closure}(Object(Illuminate\Http\Request))
#35 [internal function]: App\Http\Middleware\TrackCart->handle(Object(Illuminate\Http\Request), Object(Closure))
#36 C:\wamp64\www\aprendanaweb\bootstrap\cache\compiled.php(9649): call_user_func_array(Array, Array)
#37 C:\wamp64\www\aprendanaweb\app\Http\Middleware\OriginExternal.php(72): Illuminate\Pipeline\Pipeline->Illuminate\Pipeline\{closure}(Object(Illuminate\Http\Request))
#38 [internal function]: App\Http\Middleware\OriginExternal->handle(Object(Illuminate\Http\Request), Object(Closure))
#39 C:\wamp64\www\aprendanaweb\bootstrap\cache\compiled.php(9649): call_user_func_array(Array, Array)
#40 [internal function]: Illuminate\Pipeline\Pipeline->Illuminate\Pipeline\{closure}(Object(Illuminate\Http\Request))
#41 C:\wamp64\www\aprendanaweb\bootstrap\cache\compiled.php(9639): call_user_func(Object(Closure), Object(Illuminate\Http\Request))
#42 C:\wamp64\www\aprendanaweb\bootstrap\cache\compiled.php(7542): Illuminate\Pipeline\Pipeline->then(Object(Closure))
#43 C:\wamp64\www\aprendanaweb\bootstrap\cache\compiled.php(7530): Illuminate\Routing\Router->runRouteWithinStack(Object(Illuminate\Routing\Route), Object(Illuminate\Http\Request))
#44 C:\wamp64\www\aprendanaweb\bootstrap\cache\compiled.php(7515): Illuminate\Routing\Router->dispatchToRoute(Object(Illuminate\Http\Request))
#45 C:\wamp64\www\aprendanaweb\bootstrap\cache\compiled.php(2310): Illuminate\Routing\Router->dispatch(Object(Illuminate\Http\Request))
#46 [internal function]: Illuminate\Foundation\Http\Kernel->Illuminate\Foundation\Http\{closure}(Object(Illuminate\Http\Request))
#47 C:\wamp64\www\aprendanaweb\bootstrap\cache\compiled.php(9657): call_user_func(Object(Closure), Object(Illuminate\Http\Request))
#48 C:\wamp64\www\aprendanaweb\app\Http\Middleware\VerifyCsrfToken.php(36): Illuminate\Pipeline\Pipeline->Illuminate\Pipeline\{closure}(Object(Illuminate\Http\Request))
#49 [internal function]: App\Http\Middleware\VerifyCsrfToken->handle(Object(Illuminate\Http\Request), Object(Closure))
#50 C:\wamp64\www\aprendanaweb\bootstrap\cache\compiled.php(9649): call_user_func_array(Array, Array)
#51 C:\wamp64\www\aprendanaweb\bootstrap\cache\compiled.php(13007): Illuminate\Pipeline\Pipeline->Illuminate\Pipeline\{closure}(Object(Illuminate\Http\Request))
#52 [internal function]: Illuminate\View\Middleware\ShareErrorsFromSession->handle(Object(Illuminate\Http\Request), Object(Closure))
#53 C:\wamp64\www\aprendanaweb\bootstrap\cache\compiled.php(9649): call_user_func_array(Array, Array)
#54 C:\wamp64\www\aprendanaweb\bootstrap\cache\compiled.php(11600): Illuminate\Pipeline\Pipeline->Illuminate\Pipeline\{closure}(Object(Illuminate\Http\Request))
#55 [internal function]: Illuminate\Session\Middleware\StartSession->handle(Object(Illuminate\Http\Request), Object(Closure))
#56 C:\wamp64\www\aprendanaweb\bootstrap\cache\compiled.php(9649): call_user_func_array(Array, Array)
#57 C:\wamp64\www\aprendanaweb\bootstrap\cache\compiled.php(12745): Illuminate\Pipeline\Pipeline->Illuminate\Pipeline\{closure}(Object(Illuminate\Http\Request))
#58 [internal function]: Illuminate\Cookie\Middleware\AddQueuedCookiesToResponse->handle(Object(Illuminate\Http\Request), Object(Closure))
#59 C:\wamp64\www\aprendanaweb\bootstrap\cache\compiled.php(9649): call_user_func_array(Array, Array)
#60 C:\wamp64\www\aprendanaweb\bootstrap\cache\compiled.php(12682): Illuminate\Pipeline\Pipeline->Illuminate\Pipeline\{closure}(Object(Illuminate\Http\Request))
#61 [internal function]: Illuminate\Cookie\Middleware\EncryptCookies->handle(Object(Illuminate\Http\Request), Object(Closure))
#62 C:\wamp64\www\aprendanaweb\bootstrap\cache\compiled.php(9649): call_user_func_array(Array, Array)
#63 C:\wamp64\www\aprendanaweb\bootstrap\cache\compiled.php(2982): Illuminate\Pipeline\Pipeline->Illuminate\Pipeline\{closure}(Object(Illuminate\Http\Request))
#64 [internal function]: Illuminate\Foundation\Http\Middleware\CheckForMaintenanceMode->handle(Object(Illuminate\Http\Request), Object(Closure))
#65 C:\wamp64\www\aprendanaweb\bootstrap\cache\compiled.php(9649): call_user_func_array(Array, Array)
#66 [internal function]: Illuminate\Pipeline\Pipeline->Illuminate\Pipeline\{closure}(Object(Illuminate\Http\Request))
#67 C:\wamp64\www\aprendanaweb\bootstrap\cache\compiled.php(9639): call_user_func(Object(Closure), Object(Illuminate\Http\Request))
#68 C:\wamp64\www\aprendanaweb\bootstrap\cache\compiled.php(2257): Illuminate\Pipeline\Pipeline->then(Object(Closure))
#69 C:\wamp64\www\aprendanaweb\bootstrap\cache\compiled.php(2240): Illuminate\Foundation\Http\Kernel->sendRequestThroughRouter(Object(Illuminate\Http\Request))
#70 C:\wamp64\www\aprendanaweb\public\index.php(53): Illuminate\Foundation\Http\Kernel->handle(Object(Illuminate\Http\Request))
#71 C:\wamp64\www\aprendanaweb\server.php(21): require_once('C:\\wamp64\\www\\a...')
#72 {main}  
[2017-10-25 10:47:18] production.ERROR: PDOException: SQLSTATE[HY000] [1045] Access denied for user 'forge'@'localhost' (using password: NO) in C:\wamp64\www\aprendanaweb\vendor\laravel\framework\src\Illuminate\Database\Connectors\Connector.php:55
Stack trace:
#0 C:\wamp64\www\aprendanaweb\vendor\laravel\framework\src\Illuminate\Database\Connectors\Connector.php(55): PDO->__construct('mysql:host=loca...', 'forge', '', Array)
#1 C:\wamp64\www\aprendanaweb\vendor\laravel\framework\src\Illuminate\Database\Connectors\MySqlConnector.php(22): Illuminate\Database\Connectors\Connector->createConnection('mysql:host=loca...', Array, Array)
#2 C:\wamp64\www\aprendanaweb\bootstrap\cache\compiled.php(11483): Illuminate\Database\Connectors\MySqlConnector->connect(Array)
#3 C:\wamp64\www\aprendanaweb\bootstrap\cache\compiled.php(11479): Illuminate\Database\Connectors\ConnectionFactory->createSingleConnection(Array)
#4 C:\wamp64\www\aprendanaweb\bootstrap\cache\compiled.php(11394): Illuminate\Database\Connectors\ConnectionFactory->make(Array, 'mysql')
#5 C:\wamp64\www\aprendanaweb\bootstrap\cache\compiled.php(11349): Illuminate\Database\DatabaseManager->makeConnection('mysql')
#6 C:\wamp64\www\aprendanaweb\bootstrap\cache\compiled.php(11220): Illuminate\Database\DatabaseManager->connection('mysql')
#7 C:\wamp64\www\aprendanaweb\bootstrap\cache\compiled.php(11207): Illuminate\Database\Eloquent\Model::resolveConnection(NULL)
#8 C:\wamp64\www\aprendanaweb\bootstrap\cache\compiled.php(10652): Illuminate\Database\Eloquent\Model->getConnection()
#9 C:\wamp64\www\aprendanaweb\bootstrap\cache\compiled.php(10629): Illuminate\Database\Eloquent\Model->newBaseQueryBuilder()
#10 C:\wamp64\www\aprendanaweb\bootstrap\cache\compiled.php(10619): Illuminate\Database\Eloquent\Model->newQueryWithoutScopes()
#11 C:\wamp64\www\aprendanaweb\bootstrap\cache\compiled.php(11310): Illuminate\Database\Eloquent\Model->newQuery()
#12 [internal function]: Illuminate\Database\Eloquent\Model->__call('where', Array)
#13 C:\wamp64\www\aprendanaweb\bootstrap\cache\compiled.php(11316): call_user_func_array(Array, Array)
#14 C:\wamp64\www\aprendanaweb\app\Repositories\Frontend\Section\EloquentSectionRepository.php(35): Illuminate\Database\Eloquent\Model::__callStatic('where', Array)
#15 C:\wamp64\www\aprendanaweb\app\Http\Controllers\Frontend\FrontendController.php(122): App\Repositories\Frontend\Section\EloquentSectionRepository->findBySlug('packages')
#16 [internal function]: App\Http\Controllers\Frontend\FrontendController->getCourseOrSection(Object(Illuminate\Http\Request), 'api', 'packages')
#17 C:\wamp64\www\aprendanaweb\bootstrap\cache\compiled.php(8937): call_user_func_array(Array, Array)
#18 C:\wamp64\www\aprendanaweb\bootstrap\cache\compiled.php(9006): Illuminate\Routing\Controller->callAction('getCourseOrSect...', Array)
#19 C:\wamp64\www\aprendanaweb\bootstrap\cache\compiled.php(8986): Illuminate\Routing\ControllerDispatcher->call(Object(App\Http\Controllers\Frontend\FrontendController), Object(Illuminate\Routing\Route), 'getCourseOrSect...')
#20 [internal function]: Illuminate\Routing\ControllerDispatcher->Illuminate\Routing\{closure}(Object(Illuminate\Http\Request))
#21 C:\wamp64\www\aprendanaweb\bootstrap\cache\compiled.php(9657): call_user_func(Object(Closure), Object(Illuminate\Http\Request))
#22 [internal function]: Illuminate\Pipeline\Pipeline->Illuminate\Pipeline\{closure}(Object(Illuminate\Http\Request))
#23 C:\wamp64\www\aprendanaweb\bootstrap\cache\compiled.php(9639): call_user_func(Object(Closure), Object(Illuminate\Http\Request))
#24 C:\wamp64\www\aprendanaweb\bootstrap\cache\compiled.php(8987): Illuminate\Pipeline\Pipeline->then(Object(Closure))
#25 C:\wamp64\www\aprendanaweb\bootstrap\cache\compiled.php(8972): Illuminate\Routing\ControllerDispatcher->callWithinStack(Object(App\Http\Controllers\Frontend\FrontendController), Object(Illuminate\Routing\Route), Object(Illuminate\Http\Request), 'getCourseOrSect...')
#26 C:\wamp64\www\aprendanaweb\bootstrap\cache\compiled.php(7917): Illuminate\Routing\ControllerDispatcher->dispatch(Object(Illuminate\Routing\Route), Object(Illuminate\Http\Request), 'App\\Http\\Contro...', 'getCourseOrSect...')
#27 C:\wamp64\www\aprendanaweb\bootstrap\cache\compiled.php(7888): Illuminate\Routing\Route->runWithCustomDispatcher(Object(Illuminate\Http\Request))
#28 C:\wamp64\www\aprendanaweb\bootstrap\cache\compiled.php(7541): Illuminate\Routing\Route->run(Object(Illuminate\Http\Request))
#29 [internal function]: Illuminate\Routing\Router->Illuminate\Routing\{closure}(Object(Illuminate\Http\Request))
#30 C:\wamp64\www\aprendanaweb\bootstrap\cache\compiled.php(9657): call_user_func(Object(Closure), Object(Illuminate\Http\Request))
#31 C:\wamp64\www\aprendanaweb\app\Http\Middleware\MailingRegister.php(39): Illuminate\Pipeline\Pipeline->Illuminate\Pipeline\{closure}(Object(Illuminate\Http\Request))
#32 [internal function]: App\Http\Middleware\MailingRegister->handle(Object(Illuminate\Http\Request), Object(Closure))
#33 C:\wamp64\www\aprendanaweb\bootstrap\cache\compiled.php(9649): call_user_func_array(Array, Array)
#34 C:\wamp64\www\aprendanaweb\app\Http\Middleware\TrackCart.php(37): Illuminate\Pipeline\Pipeline->Illuminate\Pipeline\{closure}(Object(Illuminate\Http\Request))
#35 [internal function]: App\Http\Middleware\TrackCart->handle(Object(Illuminate\Http\Request), Object(Closure))
#36 C:\wamp64\www\aprendanaweb\bootstrap\cache\compiled.php(9649): call_user_func_array(Array, Array)
#37 C:\wamp64\www\aprendanaweb\app\Http\Middleware\OriginExternal.php(72): Illuminate\Pipeline\Pipeline->Illuminate\Pipeline\{closure}(Object(Illuminate\Http\Request))
#38 [internal function]: App\Http\Middleware\OriginExternal->handle(Object(Illuminate\Http\Request), Object(Closure))
#39 C:\wamp64\www\aprendanaweb\bootstrap\cache\compiled.php(9649): call_user_func_array(Array, Array)
#40 [internal function]: Illuminate\Pipeline\Pipeline->Illuminate\Pipeline\{closure}(Object(Illuminate\Http\Request))
#41 C:\wamp64\www\aprendanaweb\bootstrap\cache\compiled.php(9639): call_user_func(Object(Closure), Object(Illuminate\Http\Request))
#42 C:\wamp64\www\aprendanaweb\bootstrap\cache\compiled.php(7542): Illuminate\Pipeline\Pipeline->then(Object(Closure))
#43 C:\wamp64\www\aprendanaweb\bootstrap\cache\compiled.php(7530): Illuminate\Routing\Router->runRouteWithinStack(Object(Illuminate\Routing\Route), Object(Illuminate\Http\Request))
#44 C:\wamp64\www\aprendanaweb\bootstrap\cache\compiled.php(7515): Illuminate\Routing\Router->dispatchToRoute(Object(Illuminate\Http\Request))
#45 C:\wamp64\www\aprendanaweb\bootstrap\cache\compiled.php(2310): Illuminate\Routing\Router->dispatch(Object(Illuminate\Http\Request))
#46 [internal function]: Illuminate\Foundation\Http\Kernel->Illuminate\Foundation\Http\{closure}(Object(Illuminate\Http\Request))
#47 C:\wamp64\www\aprendanaweb\bootstrap\cache\compiled.php(9657): call_user_func(Object(Closure), Object(Illuminate\Http\Request))
#48 C:\wamp64\www\aprendanaweb\app\Http\Middleware\VerifyCsrfToken.php(36): Illuminate\Pipeline\Pipeline->Illuminate\Pipeline\{closure}(Object(Illuminate\Http\Request))
#49 [internal function]: App\Http\Middleware\VerifyCsrfToken->handle(Object(Illuminate\Http\Request), Object(Closure))
#50 C:\wamp64\www\aprendanaweb\bootstrap\cache\compiled.php(9649): call_user_func_array(Array, Array)
#51 C:\wamp64\www\aprendanaweb\bootstrap\cache\compiled.php(13007): Illuminate\Pipeline\Pipeline->Illuminate\Pipeline\{closure}(Object(Illuminate\Http\Request))
#52 [internal function]: Illuminate\View\Middleware\ShareErrorsFromSession->handle(Object(Illuminate\Http\Request), Object(Closure))
#53 C:\wamp64\www\aprendanaweb\bootstrap\cache\compiled.php(9649): call_user_func_array(Array, Array)
#54 C:\wamp64\www\aprendanaweb\bootstrap\cache\compiled.php(11600): Illuminate\Pipeline\Pipeline->Illuminate\Pipeline\{closure}(Object(Illuminate\Http\Request))
#55 [internal function]: Illuminate\Session\Middleware\StartSession->handle(Object(Illuminate\Http\Request), Object(Closure))
#56 C:\wamp64\www\aprendanaweb\bootstrap\cache\compiled.php(9649): call_user_func_array(Array, Array)
#57 C:\wamp64\www\aprendanaweb\bootstrap\cache\compiled.php(12745): Illuminate\Pipeline\Pipeline->Illuminate\Pipeline\{closure}(Object(Illuminate\Http\Request))
#58 [internal function]: Illuminate\Cookie\Middleware\AddQueuedCookiesToResponse->handle(Object(Illuminate\Http\Request), Object(Closure))
#59 C:\wamp64\www\aprendanaweb\bootstrap\cache\compiled.php(9649): call_user_func_array(Array, Array)
#60 C:\wamp64\www\aprendanaweb\bootstrap\cache\compiled.php(12682): Illuminate\Pipeline\Pipeline->Illuminate\Pipeline\{closure}(Object(Illuminate\Http\Request))
#61 [internal function]: Illuminate\Cookie\Middleware\EncryptCookies->handle(Object(Illuminate\Http\Request), Object(Closure))
#62 C:\wamp64\www\aprendanaweb\bootstrap\cache\compiled.php(9649): call_user_func_array(Array, Array)
#63 C:\wamp64\www\aprendanaweb\bootstrap\cache\compiled.php(2982): Illuminate\Pipeline\Pipeline->Illuminate\Pipeline\{closure}(Object(Illuminate\Http\Request))
#64 [internal function]: Illuminate\Foundation\Http\Middleware\CheckForMaintenanceMode->handle(Object(Illuminate\Http\Request), Object(Closure))
#65 C:\wamp64\www\aprendanaweb\bootstrap\cache\compiled.php(9649): call_user_func_array(Array, Array)
#66 [internal function]: Illuminate\Pipeline\Pipeline->Illuminate\Pipeline\{closure}(Object(Illuminate\Http\Request))
#67 C:\wamp64\www\aprendanaweb\bootstrap\cache\compiled.php(9639): call_user_func(Object(Closure), Object(Illuminate\Http\Request))
#68 C:\wamp64\www\aprendanaweb\bootstrap\cache\compiled.php(2257): Illuminate\Pipeline\Pipeline->then(Object(Closure))
#69 C:\wamp64\www\aprendanaweb\bootstrap\cache\compiled.php(2240): Illuminate\Foundation\Http\Kernel->sendRequestThroughRouter(Object(Illuminate\Http\Request))
#70 C:\wamp64\www\aprendanaweb\public\index.php(53): Illuminate\Foundation\Http\Kernel->handle(Object(Illuminate\Http\Request))
#71 C:\wamp64\www\aprendanaweb\server.php(21): require_once('C:\\wamp64\\www\\a...')
#72 {main}  
